{"C:\\Users\\SENA\\Desktop\\Github\\Test-Project\\backend\\controllers\\auth.controller.js": {"path":"C:\\Users\\SENA\\Desktop\\Github\\Test-Project\\backend\\controllers\\auth.controller.js","statementMap":{"0":{"start":{"line":12,"column":16},"end":{"line":12,"column":44}},"1":{"start":{"line":16,"column":26},"end":{"line":16,"column":50}},"2":{"start":{"line":27,"column":17},"end":{"line":127,"column":1}},"3":{"start":{"line":28,"column":2},"end":{"line":126,"column":3}},"4":{"start":{"line":31,"column":71},"end":{"line":31,"column":79}},"5":{"start":{"line":35,"column":4},"end":{"line":43,"column":5}},"6":{"start":{"line":39,"column":6},"end":{"line":42,"column":9}},"7":{"start":{"line":47,"column":23},"end":{"line":47,"column":51}},"8":{"start":{"line":49,"column":4},"end":{"line":54,"column":5}},"9":{"start":{"line":50,"column":6},"end":{"line":53,"column":9}},"10":{"start":{"line":58,"column":4},"end":{"line":63,"column":5}},"11":{"start":{"line":59,"column":6},"end":{"line":62,"column":9}},"12":{"start":{"line":68,"column":29},"end":{"line":68,"column":72}},"13":{"start":{"line":71,"column":4},"end":{"line":76,"column":5}},"14":{"start":{"line":72,"column":6},"end":{"line":75,"column":9}},"15":{"start":{"line":82,"column":25},"end":{"line":90,"column":6}},"16":{"start":{"line":94,"column":18},"end":{"line":98,"column":6}},"17":{"start":{"line":102,"column":29},"end":{"line":102,"column":50}},"18":{"start":{"line":103,"column":4},"end":{"line":103,"column":37}},"19":{"start":{"line":107,"column":4},"end":{"line":114,"column":7}},"20":{"start":{"line":119,"column":4},"end":{"line":119,"column":47}},"21":{"start":{"line":121,"column":4},"end":{"line":125,"column":7}},"22":{"start":{"line":138,"column":14},"end":{"line":222,"column":1}},"23":{"start":{"line":139,"column":2},"end":{"line":221,"column":3}},"24":{"start":{"line":141,"column":32},"end":{"line":141,"column":40}},"25":{"start":{"line":144,"column":4},"end":{"line":149,"column":5}},"26":{"start":{"line":145,"column":6},"end":{"line":148,"column":9}},"27":{"start":{"line":155,"column":20},"end":{"line":157,"column":6}},"28":{"start":{"line":160,"column":4},"end":{"line":168,"column":5}},"29":{"start":{"line":164,"column":6},"end":{"line":167,"column":9}},"30":{"start":{"line":172,"column":4},"end":{"line":177,"column":5}},"31":{"start":{"line":173,"column":6},"end":{"line":176,"column":9}},"32":{"start":{"line":183,"column":27},"end":{"line":183,"column":67}},"33":{"start":{"line":186,"column":4},"end":{"line":191,"column":5}},"34":{"start":{"line":187,"column":6},"end":{"line":190,"column":9}},"35":{"start":{"line":194,"column":18},"end":{"line":198,"column":6}},"36":{"start":{"line":201,"column":31},"end":{"line":201,"column":47}},"37":{"start":{"line":202,"column":4},"end":{"line":202,"column":39}},"38":{"start":{"line":205,"column":4},"end":{"line":212,"column":7}},"39":{"start":{"line":215,"column":4},"end":{"line":215,"column":44}},"40":{"start":{"line":216,"column":4},"end":{"line":220,"column":7}},"41":{"start":{"line":233,"column":14},"end":{"line":269,"column":1}},"42":{"start":{"line":234,"column":2},"end":{"line":268,"column":3}},"43":{"start":{"line":239,"column":20},"end":{"line":243,"column":6}},"44":{"start":{"line":246,"column":4},"end":{"line":251,"column":5}},"45":{"start":{"line":247,"column":6},"end":{"line":250,"column":9}},"46":{"start":{"line":254,"column":4},"end":{"line":259,"column":7}},"47":{"start":{"line":262,"column":4},"end":{"line":262,"column":44}},"48":{"start":{"line":263,"column":4},"end":{"line":267,"column":7}},"49":{"start":{"line":281,"column":17},"end":{"line":353,"column":1}},"50":{"start":{"line":282,"column":2},"end":{"line":352,"column":3}},"51":{"start":{"line":285,"column":71},"end":{"line":285,"column":79}},"52":{"start":{"line":288,"column":20},"end":{"line":288,"column":58}},"53":{"start":{"line":290,"column":4},"end":{"line":295,"column":5}},"54":{"start":{"line":291,"column":6},"end":{"line":294,"column":9}},"55":{"start":{"line":298,"column":4},"end":{"line":314,"column":5}},"56":{"start":{"line":299,"column":25},"end":{"line":299,"column":53}},"57":{"start":{"line":300,"column":6},"end":{"line":305,"column":7}},"58":{"start":{"line":301,"column":8},"end":{"line":304,"column":11}},"59":{"start":{"line":306,"column":29},"end":{"line":306,"column":72}},"60":{"start":{"line":307,"column":6},"end":{"line":312,"column":7}},"61":{"start":{"line":308,"column":8},"end":{"line":311,"column":11}},"62":{"start":{"line":313,"column":6},"end":{"line":313,"column":28}},"63":{"start":{"line":317,"column":4},"end":{"line":325,"column":5}},"64":{"start":{"line":318,"column":6},"end":{"line":323,"column":7}},"65":{"start":{"line":319,"column":8},"end":{"line":322,"column":11}},"66":{"start":{"line":324,"column":6},"end":{"line":324,"column":34}},"67":{"start":{"line":328,"column":4},"end":{"line":328,"column":54}},"68":{"start":{"line":328,"column":30},"end":{"line":328,"column":54}},"69":{"start":{"line":329,"column":4},"end":{"line":329,"column":60}},"70":{"start":{"line":329,"column":32},"end":{"line":329,"column":60}},"71":{"start":{"line":330,"column":4},"end":{"line":330,"column":60}},"72":{"start":{"line":330,"column":32},"end":{"line":330,"column":60}},"73":{"start":{"line":331,"column":4},"end":{"line":331,"column":63}},"74":{"start":{"line":331,"column":33},"end":{"line":331,"column":63}},"75":{"start":{"line":334,"column":4},"end":{"line":334,"column":25}},"76":{"start":{"line":337,"column":4},"end":{"line":343,"column":7}},"77":{"start":{"line":346,"column":4},"end":{"line":346,"column":47}},"78":{"start":{"line":347,"column":4},"end":{"line":351,"column":7}},"79":{"start":{"line":365,"column":23},"end":{"line":428,"column":1}},"80":{"start":{"line":366,"column":2},"end":{"line":427,"column":3}},"81":{"start":{"line":368,"column":46},"end":{"line":368,"column":54}},"82":{"start":{"line":371,"column":4},"end":{"line":376,"column":5}},"83":{"start":{"line":372,"column":6},"end":{"line":375,"column":9}},"84":{"start":{"line":379,"column":4},"end":{"line":384,"column":5}},"85":{"start":{"line":380,"column":6},"end":{"line":383,"column":9}},"86":{"start":{"line":388,"column":20},"end":{"line":388,"column":80}},"87":{"start":{"line":390,"column":4},"end":{"line":395,"column":5}},"88":{"start":{"line":391,"column":6},"end":{"line":394,"column":9}},"89":{"start":{"line":399,"column":27},"end":{"line":399,"column":73}},"90":{"start":{"line":401,"column":4},"end":{"line":406,"column":5}},"91":{"start":{"line":402,"column":6},"end":{"line":405,"column":9}},"92":{"start":{"line":411,"column":4},"end":{"line":411,"column":37}},"93":{"start":{"line":412,"column":4},"end":{"line":412,"column":25}},"94":{"start":{"line":415,"column":4},"end":{"line":418,"column":7}},"95":{"start":{"line":421,"column":4},"end":{"line":421,"column":53}},"96":{"start":{"line":422,"column":4},"end":{"line":426,"column":7}},"97":{"start":{"line":433,"column":0},"end":{"line":439,"column":2}}},"fnMap":{"0":{"name":"(anonymous_0)","decl":{"start":{"line":27,"column":17},"end":{"line":27,"column":18}},"loc":{"start":{"line":27,"column":37},"end":{"line":127,"column":1}},"line":27},"1":{"name":"(anonymous_1)","decl":{"start":{"line":138,"column":14},"end":{"line":138,"column":15}},"loc":{"start":{"line":138,"column":34},"end":{"line":222,"column":1}},"line":138},"2":{"name":"(anonymous_2)","decl":{"start":{"line":233,"column":14},"end":{"line":233,"column":15}},"loc":{"start":{"line":233,"column":34},"end":{"line":269,"column":1}},"line":233},"3":{"name":"(anonymous_3)","decl":{"start":{"line":281,"column":17},"end":{"line":281,"column":18}},"loc":{"start":{"line":281,"column":37},"end":{"line":353,"column":1}},"line":281},"4":{"name":"(anonymous_4)","decl":{"start":{"line":365,"column":23},"end":{"line":365,"column":24}},"loc":{"start":{"line":365,"column":43},"end":{"line":428,"column":1}},"line":365}},"branchMap":{"0":{"loc":{"start":{"line":35,"column":4},"end":{"line":43,"column":5}},"type":"if","locations":[{"start":{"line":35,"column":4},"end":{"line":43,"column":5}},{"start":{},"end":{}}],"line":35},"1":{"loc":{"start":{"line":35,"column":8},"end":{"line":35,"column":51}},"type":"binary-expr","locations":[{"start":{"line":35,"column":8},"end":{"line":35,"column":15}},{"start":{"line":35,"column":19},"end":{"line":35,"column":28}},{"start":{"line":35,"column":32},"end":{"line":35,"column":38}},{"start":{"line":35,"column":42},"end":{"line":35,"column":51}}],"line":35},"2":{"loc":{"start":{"line":49,"column":4},"end":{"line":54,"column":5}},"type":"if","locations":[{"start":{"line":49,"column":4},"end":{"line":54,"column":5}},{"start":{},"end":{}}],"line":49},"3":{"loc":{"start":{"line":58,"column":4},"end":{"line":63,"column":5}},"type":"if","locations":[{"start":{"line":58,"column":4},"end":{"line":63,"column":5}},{"start":{},"end":{}}],"line":58},"4":{"loc":{"start":{"line":71,"column":4},"end":{"line":76,"column":5}},"type":"if","locations":[{"start":{"line":71,"column":4},"end":{"line":76,"column":5}},{"start":{},"end":{}}],"line":71},"5":{"loc":{"start":{"line":87,"column":16},"end":{"line":87,"column":32}},"type":"binary-expr","locations":[{"start":{"line":87,"column":16},"end":{"line":87,"column":24}},{"start":{"line":87,"column":28},"end":{"line":87,"column":32}}],"line":87},"6":{"loc":{"start":{"line":88,"column":17},"end":{"line":88,"column":34}},"type":"binary-expr","locations":[{"start":{"line":88,"column":17},"end":{"line":88,"column":26}},{"start":{"line":88,"column":30},"end":{"line":88,"column":34}}],"line":88},"7":{"loc":{"start":{"line":144,"column":4},"end":{"line":149,"column":5}},"type":"if","locations":[{"start":{"line":144,"column":4},"end":{"line":149,"column":5}},{"start":{},"end":{}}],"line":144},"8":{"loc":{"start":{"line":144,"column":8},"end":{"line":144,"column":27}},"type":"binary-expr","locations":[{"start":{"line":144,"column":8},"end":{"line":144,"column":14}},{"start":{"line":144,"column":18},"end":{"line":144,"column":27}}],"line":144},"9":{"loc":{"start":{"line":160,"column":4},"end":{"line":168,"column":5}},"type":"if","locations":[{"start":{"line":160,"column":4},"end":{"line":168,"column":5}},{"start":{},"end":{}}],"line":160},"10":{"loc":{"start":{"line":172,"column":4},"end":{"line":177,"column":5}},"type":"if","locations":[{"start":{"line":172,"column":4},"end":{"line":177,"column":5}},{"start":{},"end":{}}],"line":172},"11":{"loc":{"start":{"line":186,"column":4},"end":{"line":191,"column":5}},"type":"if","locations":[{"start":{"line":186,"column":4},"end":{"line":191,"column":5}},{"start":{},"end":{}}],"line":186},"12":{"loc":{"start":{"line":246,"column":4},"end":{"line":251,"column":5}},"type":"if","locations":[{"start":{"line":246,"column":4},"end":{"line":251,"column":5}},{"start":{},"end":{}}],"line":246},"13":{"loc":{"start":{"line":290,"column":4},"end":{"line":295,"column":5}},"type":"if","locations":[{"start":{"line":290,"column":4},"end":{"line":295,"column":5}},{"start":{},"end":{}}],"line":290},"14":{"loc":{"start":{"line":298,"column":4},"end":{"line":314,"column":5}},"type":"if","locations":[{"start":{"line":298,"column":4},"end":{"line":314,"column":5}},{"start":{},"end":{}}],"line":298},"15":{"loc":{"start":{"line":298,"column":8},"end":{"line":298,"column":54}},"type":"binary-expr","locations":[{"start":{"line":298,"column":8},"end":{"line":298,"column":27}},{"start":{"line":298,"column":31},"end":{"line":298,"column":54}}],"line":298},"16":{"loc":{"start":{"line":300,"column":6},"end":{"line":305,"column":7}},"type":"if","locations":[{"start":{"line":300,"column":6},"end":{"line":305,"column":7}},{"start":{},"end":{}}],"line":300},"17":{"loc":{"start":{"line":307,"column":6},"end":{"line":312,"column":7}},"type":"if","locations":[{"start":{"line":307,"column":6},"end":{"line":312,"column":7}},{"start":{},"end":{}}],"line":307},"18":{"loc":{"start":{"line":317,"column":4},"end":{"line":325,"column":5}},"type":"if","locations":[{"start":{"line":317,"column":4},"end":{"line":325,"column":5}},{"start":{},"end":{}}],"line":317},"19":{"loc":{"start":{"line":317,"column":8},"end":{"line":317,"column":60}},"type":"binary-expr","locations":[{"start":{"line":317,"column":8},"end":{"line":317,"column":30}},{"start":{"line":317,"column":34},"end":{"line":317,"column":60}}],"line":317},"20":{"loc":{"start":{"line":318,"column":6},"end":{"line":323,"column":7}},"type":"if","locations":[{"start":{"line":318,"column":6},"end":{"line":323,"column":7}},{"start":{},"end":{}}],"line":318},"21":{"loc":{"start":{"line":328,"column":4},"end":{"line":328,"column":54}},"type":"if","locations":[{"start":{"line":328,"column":4},"end":{"line":328,"column":54}},{"start":{},"end":{}}],"line":328},"22":{"loc":{"start":{"line":329,"column":4},"end":{"line":329,"column":60}},"type":"if","locations":[{"start":{"line":329,"column":4},"end":{"line":329,"column":60}},{"start":{},"end":{}}],"line":329},"23":{"loc":{"start":{"line":330,"column":4},"end":{"line":330,"column":60}},"type":"if","locations":[{"start":{"line":330,"column":4},"end":{"line":330,"column":60}},{"start":{},"end":{}}],"line":330},"24":{"loc":{"start":{"line":331,"column":4},"end":{"line":331,"column":63}},"type":"if","locations":[{"start":{"line":331,"column":4},"end":{"line":331,"column":63}},{"start":{},"end":{}}],"line":331},"25":{"loc":{"start":{"line":371,"column":4},"end":{"line":376,"column":5}},"type":"if","locations":[{"start":{"line":371,"column":4},"end":{"line":376,"column":5}},{"start":{},"end":{}}],"line":371},"26":{"loc":{"start":{"line":371,"column":8},"end":{"line":371,"column":41}},"type":"binary-expr","locations":[{"start":{"line":371,"column":8},"end":{"line":371,"column":23}},{"start":{"line":371,"column":27},"end":{"line":371,"column":41}}],"line":371},"27":{"loc":{"start":{"line":379,"column":4},"end":{"line":384,"column":5}},"type":"if","locations":[{"start":{"line":379,"column":4},"end":{"line":384,"column":5}},{"start":{},"end":{}}],"line":379},"28":{"loc":{"start":{"line":390,"column":4},"end":{"line":395,"column":5}},"type":"if","locations":[{"start":{"line":390,"column":4},"end":{"line":395,"column":5}},{"start":{},"end":{}}],"line":390},"29":{"loc":{"start":{"line":401,"column":4},"end":{"line":406,"column":5}},"type":"if","locations":[{"start":{"line":401,"column":4},"end":{"line":406,"column":5}},{"start":{},"end":{}}],"line":401}},"s":{"0":1,"1":1,"2":1,"3":1,"4":1,"5":1,"6":0,"7":1,"8":1,"9":0,"10":1,"11":0,"12":1,"13":1,"14":0,"15":1,"16":1,"17":1,"18":1,"19":1,"20":0,"21":0,"22":1,"23":4,"24":4,"25":4,"26":0,"27":4,"28":4,"29":1,"30":3,"31":0,"32":3,"33":3,"34":0,"35":3,"36":3,"37":3,"38":3,"39":0,"40":0,"41":1,"42":1,"43":1,"44":1,"45":0,"46":1,"47":0,"48":0,"49":1,"50":0,"51":0,"52":0,"53":0,"54":0,"55":0,"56":0,"57":0,"58":0,"59":0,"60":0,"61":0,"62":0,"63":0,"64":0,"65":0,"66":0,"67":0,"68":0,"69":0,"70":0,"71":0,"72":0,"73":0,"74":0,"75":0,"76":0,"77":0,"78":0,"79":1,"80":0,"81":0,"82":0,"83":0,"84":0,"85":0,"86":0,"87":0,"88":0,"89":0,"90":0,"91":0,"92":0,"93":0,"94":0,"95":0,"96":0,"97":1},"f":{"0":1,"1":4,"2":1,"3":0,"4":0},"b":{"0":[0,1],"1":[1,1,1,1],"2":[0,1],"3":[0,1],"4":[0,1],"5":[1,0],"6":[1,0],"7":[0,4],"8":[4,4],"9":[1,3],"10":[0,3],"11":[0,3],"12":[0,1],"13":[0,0],"14":[0,0],"15":[0,0],"16":[0,0],"17":[0,0],"18":[0,0],"19":[0,0],"20":[0,0],"21":[0,0],"22":[0,0],"23":[0,0],"24":[0,0],"25":[0,0],"26":[0,0],"27":[0,0],"28":[0,0],"29":[0,0]},"_coverageSchema":"1a1c01bbd47fc00a2c39e90264f33305004495a9","hash":"397441ca57b6cc17e1a3871dba87d7cca6429d57"}
,"C:\\Users\\SENA\\Desktop\\Github\\Test-Project\\backend\\controllers\\carrito.controller.js": {"path":"C:\\Users\\SENA\\Desktop\\Github\\Test-Project\\backend\\controllers\\carrito.controller.js","statementMap":{"0":{"start":{"line":12,"column":16},"end":{"line":12,"column":44}},"1":{"start":{"line":16,"column":17},"end":{"line":16,"column":46}},"2":{"start":{"line":20,"column":18},"end":{"line":20,"column":48}},"3":{"start":{"line":24,"column":21},"end":{"line":24,"column":54}},"4":{"start":{"line":32,"column":19},"end":{"line":100,"column":1}},"5":{"start":{"line":33,"column":2},"end":{"line":99,"column":3}},"6":{"start":{"line":36,"column":25},"end":{"line":66,"column":6}},"7":{"start":{"line":69,"column":16},"end":{"line":69,"column":17}},"8":{"start":{"line":71,"column":4},"end":{"line":74,"column":7}},"9":{"start":{"line":73,"column":6},"end":{"line":73,"column":63}},"10":{"start":{"line":77,"column":4},"end":{"line":90,"column":7}},"11":{"start":{"line":85,"column":60},"end":{"line":85,"column":79}},"12":{"start":{"line":93,"column":4},"end":{"line":93,"column":49}},"13":{"start":{"line":94,"column":4},"end":{"line":98,"column":7}},"14":{"start":{"line":109,"column":25},"end":{"line":242,"column":1}},"15":{"start":{"line":110,"column":2},"end":{"line":241,"column":3}},"16":{"start":{"line":113,"column":41},"end":{"line":113,"column":49}},"17":{"start":{"line":116,"column":4},"end":{"line":121,"column":5}},"18":{"start":{"line":117,"column":6},"end":{"line":120,"column":9}},"19":{"start":{"line":125,"column":24},"end":{"line":125,"column":42}},"20":{"start":{"line":126,"column":4},"end":{"line":131,"column":5}},"21":{"start":{"line":127,"column":6},"end":{"line":130,"column":9}},"22":{"start":{"line":135,"column":21},"end":{"line":135,"column":56}},"23":{"start":{"line":138,"column":4},"end":{"line":143,"column":5}},"24":{"start":{"line":139,"column":6},"end":{"line":142,"column":9}},"25":{"start":{"line":146,"column":4},"end":{"line":151,"column":5}},"26":{"start":{"line":147,"column":6},"end":{"line":150,"column":9}},"27":{"start":{"line":155,"column":26},"end":{"line":160,"column":6}},"28":{"start":{"line":163,"column":4},"end":{"line":197,"column":5}},"29":{"start":{"line":165,"column":28},"end":{"line":165,"column":64}},"30":{"start":{"line":168,"column":6},"end":{"line":173,"column":7}},"31":{"start":{"line":169,"column":8},"end":{"line":172,"column":11}},"32":{"start":{"line":176,"column":6},"end":{"line":176,"column":45}},"33":{"start":{"line":177,"column":6},"end":{"line":177,"column":33}},"34":{"start":{"line":181,"column":6},"end":{"line":187,"column":9}},"35":{"start":{"line":190,"column":6},"end":{"line":196,"column":9}},"36":{"start":{"line":200,"column":4},"end":{"line":205,"column":5}},"37":{"start":{"line":201,"column":6},"end":{"line":204,"column":9}},"38":{"start":{"line":209,"column":22},"end":{"line":214,"column":6}},"39":{"start":{"line":217,"column":4},"end":{"line":223,"column":7}},"40":{"start":{"line":226,"column":4},"end":{"line":232,"column":7}},"41":{"start":{"line":235,"column":4},"end":{"line":235,"column":55}},"42":{"start":{"line":236,"column":4},"end":{"line":240,"column":7}},"43":{"start":{"line":251,"column":30},"end":{"line":320,"column":1}},"44":{"start":{"line":252,"column":2},"end":{"line":319,"column":3}},"45":{"start":{"line":255,"column":19},"end":{"line":255,"column":29}},"46":{"start":{"line":257,"column":25},"end":{"line":257,"column":33}},"47":{"start":{"line":260,"column":24},"end":{"line":260,"column":42}},"48":{"start":{"line":261,"column":4},"end":{"line":266,"column":5}},"49":{"start":{"line":262,"column":6},"end":{"line":265,"column":9}},"50":{"start":{"line":270,"column":17},"end":{"line":281,"column":6}},"51":{"start":{"line":284,"column":4},"end":{"line":289,"column":5}},"52":{"start":{"line":285,"column":6},"end":{"line":288,"column":9}},"53":{"start":{"line":292,"column":4},"end":{"line":297,"column":5}},"54":{"start":{"line":293,"column":6},"end":{"line":296,"column":9}},"55":{"start":{"line":300,"column":4},"end":{"line":300,"column":32}},"56":{"start":{"line":301,"column":4},"end":{"line":301,"column":22}},"57":{"start":{"line":304,"column":4},"end":{"line":310,"column":7}},"58":{"start":{"line":313,"column":4},"end":{"line":313,"column":60}},"59":{"start":{"line":314,"column":4},"end":{"line":318,"column":7}},"60":{"start":{"line":328,"column":28},"end":{"line":365,"column":1}},"61":{"start":{"line":329,"column":2},"end":{"line":364,"column":3}},"62":{"start":{"line":331,"column":19},"end":{"line":331,"column":29}},"63":{"start":{"line":334,"column":17},"end":{"line":339,"column":6}},"64":{"start":{"line":341,"column":4},"end":{"line":346,"column":5}},"65":{"start":{"line":342,"column":6},"end":{"line":345,"column":9}},"66":{"start":{"line":349,"column":4},"end":{"line":349,"column":25}},"67":{"start":{"line":352,"column":4},"end":{"line":355,"column":7}},"68":{"start":{"line":358,"column":4},"end":{"line":358,"column":58}},"69":{"start":{"line":359,"column":4},"end":{"line":363,"column":7}},"70":{"start":{"line":373,"column":22},"end":{"line":399,"column":1}},"71":{"start":{"line":374,"column":2},"end":{"line":398,"column":3}},"72":{"start":{"line":378,"column":28},"end":{"line":380,"column":6}},"73":{"start":{"line":383,"column":4},"end":{"line":389,"column":7}},"74":{"start":{"line":392,"column":4},"end":{"line":392,"column":52}},"75":{"start":{"line":393,"column":4},"end":{"line":397,"column":7}},"76":{"start":{"line":403,"column":0},"end":{"line":409,"column":2}}},"fnMap":{"0":{"name":"(anonymous_0)","decl":{"start":{"line":32,"column":19},"end":{"line":32,"column":20}},"loc":{"start":{"line":32,"column":39},"end":{"line":100,"column":1}},"line":32},"1":{"name":"(anonymous_1)","decl":{"start":{"line":71,"column":25},"end":{"line":71,"column":26}},"loc":{"start":{"line":71,"column":33},"end":{"line":74,"column":5}},"line":71},"2":{"name":"(anonymous_2)","decl":{"start":{"line":85,"column":45},"end":{"line":85,"column":46}},"loc":{"start":{"line":85,"column":60},"end":{"line":85,"column":79}},"line":85},"3":{"name":"(anonymous_3)","decl":{"start":{"line":109,"column":25},"end":{"line":109,"column":26}},"loc":{"start":{"line":109,"column":45},"end":{"line":242,"column":1}},"line":109},"4":{"name":"(anonymous_4)","decl":{"start":{"line":251,"column":30},"end":{"line":251,"column":31}},"loc":{"start":{"line":251,"column":50},"end":{"line":320,"column":1}},"line":251},"5":{"name":"(anonymous_5)","decl":{"start":{"line":328,"column":28},"end":{"line":328,"column":29}},"loc":{"start":{"line":328,"column":48},"end":{"line":365,"column":1}},"line":328},"6":{"name":"(anonymous_6)","decl":{"start":{"line":373,"column":22},"end":{"line":373,"column":23}},"loc":{"start":{"line":373,"column":42},"end":{"line":399,"column":1}},"line":373}},"branchMap":{"0":{"loc":{"start":{"line":113,"column":24},"end":{"line":113,"column":36}},"type":"default-arg","locations":[{"start":{"line":113,"column":35},"end":{"line":113,"column":36}}],"line":113},"1":{"loc":{"start":{"line":116,"column":4},"end":{"line":121,"column":5}},"type":"if","locations":[{"start":{"line":116,"column":4},"end":{"line":121,"column":5}},{"start":{},"end":{}}],"line":116},"2":{"loc":{"start":{"line":126,"column":4},"end":{"line":131,"column":5}},"type":"if","locations":[{"start":{"line":126,"column":4},"end":{"line":131,"column":5}},{"start":{},"end":{}}],"line":126},"3":{"loc":{"start":{"line":138,"column":4},"end":{"line":143,"column":5}},"type":"if","locations":[{"start":{"line":138,"column":4},"end":{"line":143,"column":5}},{"start":{},"end":{}}],"line":138},"4":{"loc":{"start":{"line":146,"column":4},"end":{"line":151,"column":5}},"type":"if","locations":[{"start":{"line":146,"column":4},"end":{"line":151,"column":5}},{"start":{},"end":{}}],"line":146},"5":{"loc":{"start":{"line":163,"column":4},"end":{"line":197,"column":5}},"type":"if","locations":[{"start":{"line":163,"column":4},"end":{"line":197,"column":5}},{"start":{},"end":{}}],"line":163},"6":{"loc":{"start":{"line":168,"column":6},"end":{"line":173,"column":7}},"type":"if","locations":[{"start":{"line":168,"column":6},"end":{"line":173,"column":7}},{"start":{},"end":{}}],"line":168},"7":{"loc":{"start":{"line":200,"column":4},"end":{"line":205,"column":5}},"type":"if","locations":[{"start":{"line":200,"column":4},"end":{"line":205,"column":5}},{"start":{},"end":{}}],"line":200},"8":{"loc":{"start":{"line":261,"column":4},"end":{"line":266,"column":5}},"type":"if","locations":[{"start":{"line":261,"column":4},"end":{"line":266,"column":5}},{"start":{},"end":{}}],"line":261},"9":{"loc":{"start":{"line":284,"column":4},"end":{"line":289,"column":5}},"type":"if","locations":[{"start":{"line":284,"column":4},"end":{"line":289,"column":5}},{"start":{},"end":{}}],"line":284},"10":{"loc":{"start":{"line":292,"column":4},"end":{"line":297,"column":5}},"type":"if","locations":[{"start":{"line":292,"column":4},"end":{"line":297,"column":5}},{"start":{},"end":{}}],"line":292},"11":{"loc":{"start":{"line":341,"column":4},"end":{"line":346,"column":5}},"type":"if","locations":[{"start":{"line":341,"column":4},"end":{"line":346,"column":5}},{"start":{},"end":{}}],"line":341}},"s":{"0":1,"1":1,"2":1,"3":1,"4":1,"5":1,"6":1,"7":1,"8":1,"9":1,"10":1,"11":1,"12":0,"13":0,"14":1,"15":1,"16":1,"17":1,"18":0,"19":1,"20":1,"21":0,"22":1,"23":1,"24":0,"25":1,"26":0,"27":1,"28":1,"29":0,"30":0,"31":0,"32":0,"33":0,"34":0,"35":0,"36":1,"37":0,"38":1,"39":1,"40":1,"41":0,"42":0,"43":1,"44":0,"45":0,"46":0,"47":0,"48":0,"49":0,"50":0,"51":0,"52":0,"53":0,"54":0,"55":0,"56":0,"57":0,"58":0,"59":0,"60":1,"61":0,"62":0,"63":0,"64":0,"65":0,"66":0,"67":0,"68":0,"69":0,"70":1,"71":0,"72":0,"73":0,"74":0,"75":0,"76":1},"f":{"0":1,"1":1,"2":1,"3":1,"4":0,"5":0,"6":0},"b":{"0":[0],"1":[0,1],"2":[0,1],"3":[0,1],"4":[0,1],"5":[0,1],"6":[0,0],"7":[0,1],"8":[0,0],"9":[0,0],"10":[0,0],"11":[0,0]},"_coverageSchema":"1a1c01bbd47fc00a2c39e90264f33305004495a9","hash":"94eb879fd6da89d1735b91cab489a477ec779d1c"}
,"C:\\Users\\SENA\\Desktop\\Github\\Test-Project\\backend\\controllers\\catalogo.controller.js": {"path":"C:\\Users\\SENA\\Desktop\\Github\\Test-Project\\backend\\controllers\\catalogo.controller.js","statementMap":{"0":{"start":{"line":12,"column":17},"end":{"line":12,"column":46}},"1":{"start":{"line":16,"column":18},"end":{"line":16,"column":48}},"2":{"start":{"line":20,"column":21},"end":{"line":20,"column":54}},"3":{"start":{"line":36,"column":21},"end":{"line":158,"column":1}},"4":{"start":{"line":37,"column":2},"end":{"line":157,"column":3}},"5":{"start":{"line":51,"column":8},"end":{"line":51,"column":17}},"6":{"start":{"line":55,"column":19},"end":{"line":55,"column":39}},"7":{"start":{"line":59,"column":18},"end":{"line":62,"column":5}},"8":{"start":{"line":65,"column":4},"end":{"line":65,"column":53}},"9":{"start":{"line":65,"column":21},"end":{"line":65,"column":53}},"10":{"start":{"line":66,"column":4},"end":{"line":66,"column":62}},"11":{"start":{"line":66,"column":24},"end":{"line":66,"column":62}},"12":{"start":{"line":69,"column":4},"end":{"line":76,"column":5}},"13":{"start":{"line":72,"column":6},"end":{"line":75,"column":8}},"14":{"start":{"line":79,"column":4},"end":{"line":85,"column":5}},"15":{"start":{"line":80,"column":6},"end":{"line":80,"column":24}},"16":{"start":{"line":82,"column":6},"end":{"line":82,"column":66}},"17":{"start":{"line":82,"column":21},"end":{"line":82,"column":66}},"18":{"start":{"line":84,"column":6},"end":{"line":84,"column":66}},"19":{"start":{"line":84,"column":21},"end":{"line":84,"column":66}},"20":{"start":{"line":90,"column":4},"end":{"line":104,"column":5}},"21":{"start":{"line":92,"column":8},"end":{"line":92,"column":36}},"22":{"start":{"line":93,"column":8},"end":{"line":93,"column":14}},"23":{"start":{"line":95,"column":8},"end":{"line":95,"column":37}},"24":{"start":{"line":96,"column":8},"end":{"line":96,"column":14}},"25":{"start":{"line":98,"column":8},"end":{"line":98,"column":36}},"26":{"start":{"line":99,"column":8},"end":{"line":99,"column":14}},"27":{"start":{"line":102,"column":8},"end":{"line":102,"column":40}},"28":{"start":{"line":103,"column":8},"end":{"line":103,"column":14}},"29":{"start":{"line":108,"column":19},"end":{"line":108,"column":60}},"30":{"start":{"line":114,"column":39},"end":{"line":133,"column":6}},"31":{"start":{"line":136,"column":4},"end":{"line":148,"column":7}},"32":{"start":{"line":151,"column":4},"end":{"line":151,"column":51}},"33":{"start":{"line":152,"column":4},"end":{"line":156,"column":7}},"34":{"start":{"line":166,"column":24},"end":{"line":218,"column":1}},"35":{"start":{"line":167,"column":2},"end":{"line":217,"column":3}},"36":{"start":{"line":169,"column":19},"end":{"line":169,"column":29}},"37":{"start":{"line":173,"column":21},"end":{"line":192,"column":6}},"38":{"start":{"line":195,"column":4},"end":{"line":200,"column":5}},"39":{"start":{"line":196,"column":6},"end":{"line":199,"column":9}},"40":{"start":{"line":203,"column":4},"end":{"line":208,"column":7}},"41":{"start":{"line":211,"column":4},"end":{"line":211,"column":54}},"42":{"start":{"line":212,"column":4},"end":{"line":216,"column":7}},"43":{"start":{"line":226,"column":22},"end":{"line":277,"column":1}},"44":{"start":{"line":227,"column":2},"end":{"line":276,"column":3}},"45":{"start":{"line":229,"column":19},"end":{"line":229,"column":39}},"46":{"start":{"line":232,"column":23},"end":{"line":236,"column":6}},"47":{"start":{"line":241,"column":34},"end":{"line":259,"column":5}},"48":{"start":{"line":244,"column":31},"end":{"line":250,"column":10}},"49":{"start":{"line":254,"column":8},"end":{"line":257,"column":10}},"50":{"start":{"line":262,"column":4},"end":{"line":267,"column":7}},"51":{"start":{"line":270,"column":4},"end":{"line":270,"column":52}},"52":{"start":{"line":271,"column":4},"end":{"line":275,"column":7}},"53":{"start":{"line":285,"column":37},"end":{"line":351,"column":1}},"54":{"start":{"line":286,"column":2},"end":{"line":350,"column":3}},"55":{"start":{"line":288,"column":19},"end":{"line":288,"column":29}},"56":{"start":{"line":289,"column":19},"end":{"line":289,"column":39}},"57":{"start":{"line":292,"column":22},"end":{"line":294,"column":6}},"58":{"start":{"line":296,"column":4},"end":{"line":301,"column":5}},"59":{"start":{"line":297,"column":6},"end":{"line":300,"column":9}},"60":{"start":{"line":304,"column":26},"end":{"line":311,"column":6}},"61":{"start":{"line":314,"column":37},"end":{"line":329,"column":5}},"62":{"start":{"line":316,"column":31},"end":{"line":322,"column":10}},"63":{"start":{"line":324,"column":8},"end":{"line":327,"column":10}},"64":{"start":{"line":332,"column":4},"end":{"line":341,"column":7}},"65":{"start":{"line":344,"column":4},"end":{"line":344,"column":67}},"66":{"start":{"line":345,"column":4},"end":{"line":349,"column":7}},"67":{"start":{"line":360,"column":31},"end":{"line":406,"column":1}},"68":{"start":{"line":361,"column":2},"end":{"line":405,"column":3}},"69":{"start":{"line":363,"column":27},"end":{"line":363,"column":36}},"70":{"start":{"line":364,"column":19},"end":{"line":364,"column":39}},"71":{"start":{"line":367,"column":22},"end":{"line":388,"column":6}},"72":{"start":{"line":391,"column":4},"end":{"line":396,"column":7}},"73":{"start":{"line":399,"column":4},"end":{"line":399,"column":61}},"74":{"start":{"line":400,"column":4},"end":{"line":404,"column":7}},"75":{"start":{"line":409,"column":0},"end":{"line":415,"column":2}}},"fnMap":{"0":{"name":"(anonymous_0)","decl":{"start":{"line":36,"column":21},"end":{"line":36,"column":22}},"loc":{"start":{"line":36,"column":41},"end":{"line":158,"column":1}},"line":36},"1":{"name":"(anonymous_1)","decl":{"start":{"line":166,"column":24},"end":{"line":166,"column":25}},"loc":{"start":{"line":166,"column":44},"end":{"line":218,"column":1}},"line":166},"2":{"name":"(anonymous_2)","decl":{"start":{"line":226,"column":22},"end":{"line":226,"column":23}},"loc":{"start":{"line":226,"column":42},"end":{"line":277,"column":1}},"line":226},"3":{"name":"(anonymous_3)","decl":{"start":{"line":242,"column":21},"end":{"line":242,"column":22}},"loc":{"start":{"line":242,"column":42},"end":{"line":258,"column":7}},"line":242},"4":{"name":"(anonymous_4)","decl":{"start":{"line":285,"column":37},"end":{"line":285,"column":38}},"loc":{"start":{"line":285,"column":57},"end":{"line":351,"column":1}},"line":285},"5":{"name":"(anonymous_5)","decl":{"start":{"line":315,"column":24},"end":{"line":315,"column":25}},"loc":{"start":{"line":315,"column":48},"end":{"line":328,"column":7}},"line":315},"6":{"name":"(anonymous_6)","decl":{"start":{"line":360,"column":31},"end":{"line":360,"column":32}},"loc":{"start":{"line":360,"column":51},"end":{"line":406,"column":1}},"line":360}},"branchMap":{"0":{"loc":{"start":{"line":48,"column":6},"end":{"line":48,"column":24}},"type":"default-arg","locations":[{"start":{"line":48,"column":14},"end":{"line":48,"column":24}}],"line":48},"1":{"loc":{"start":{"line":49,"column":6},"end":{"line":49,"column":16}},"type":"default-arg","locations":[{"start":{"line":49,"column":15},"end":{"line":49,"column":16}}],"line":49},"2":{"loc":{"start":{"line":50,"column":6},"end":{"line":50,"column":17}},"type":"default-arg","locations":[{"start":{"line":50,"column":15},"end":{"line":50,"column":17}}],"line":50},"3":{"loc":{"start":{"line":65,"column":4},"end":{"line":65,"column":53}},"type":"if","locations":[{"start":{"line":65,"column":4},"end":{"line":65,"column":53}},{"start":{},"end":{}}],"line":65},"4":{"loc":{"start":{"line":66,"column":4},"end":{"line":66,"column":62}},"type":"if","locations":[{"start":{"line":66,"column":4},"end":{"line":66,"column":62}},{"start":{},"end":{}}],"line":66},"5":{"loc":{"start":{"line":69,"column":4},"end":{"line":76,"column":5}},"type":"if","locations":[{"start":{"line":69,"column":4},"end":{"line":76,"column":5}},{"start":{},"end":{}}],"line":69},"6":{"loc":{"start":{"line":79,"column":4},"end":{"line":85,"column":5}},"type":"if","locations":[{"start":{"line":79,"column":4},"end":{"line":85,"column":5}},{"start":{},"end":{}}],"line":79},"7":{"loc":{"start":{"line":79,"column":8},"end":{"line":79,"column":30}},"type":"binary-expr","locations":[{"start":{"line":79,"column":8},"end":{"line":79,"column":17}},{"start":{"line":79,"column":21},"end":{"line":79,"column":30}}],"line":79},"8":{"loc":{"start":{"line":82,"column":6},"end":{"line":82,"column":66}},"type":"if","locations":[{"start":{"line":82,"column":6},"end":{"line":82,"column":66}},{"start":{},"end":{}}],"line":82},"9":{"loc":{"start":{"line":84,"column":6},"end":{"line":84,"column":66}},"type":"if","locations":[{"start":{"line":84,"column":6},"end":{"line":84,"column":66}},{"start":{},"end":{}}],"line":84},"10":{"loc":{"start":{"line":90,"column":4},"end":{"line":104,"column":5}},"type":"switch","locations":[{"start":{"line":91,"column":6},"end":{"line":93,"column":14}},{"start":{"line":94,"column":6},"end":{"line":96,"column":14}},{"start":{"line":97,"column":6},"end":{"line":99,"column":14}},{"start":{"line":100,"column":6},"end":{"line":100,"column":22}},{"start":{"line":101,"column":6},"end":{"line":103,"column":14}}],"line":90},"11":{"loc":{"start":{"line":195,"column":4},"end":{"line":200,"column":5}},"type":"if","locations":[{"start":{"line":195,"column":4},"end":{"line":200,"column":5}},{"start":{},"end":{}}],"line":195},"12":{"loc":{"start":{"line":296,"column":4},"end":{"line":301,"column":5}},"type":"if","locations":[{"start":{"line":296,"column":4},"end":{"line":301,"column":5}},{"start":{},"end":{}}],"line":296},"13":{"loc":{"start":{"line":363,"column":12},"end":{"line":363,"column":22}},"type":"default-arg","locations":[{"start":{"line":363,"column":21},"end":{"line":363,"column":22}}],"line":363}},"s":{"0":1,"1":1,"2":1,"3":1,"4":2,"5":2,"6":2,"7":2,"8":2,"9":0,"10":2,"11":0,"12":2,"13":0,"14":2,"15":0,"16":0,"17":0,"18":0,"19":0,"20":2,"21":0,"22":0,"23":0,"24":0,"25":0,"26":0,"27":2,"28":2,"29":2,"30":2,"31":2,"32":0,"33":0,"34":1,"35":1,"36":1,"37":1,"38":1,"39":0,"40":1,"41":0,"42":0,"43":1,"44":1,"45":1,"46":1,"47":1,"48":25,"49":25,"50":1,"51":0,"52":0,"53":1,"54":1,"55":1,"56":1,"57":1,"58":1,"59":0,"60":1,"61":1,"62":4,"63":4,"64":1,"65":0,"66":0,"67":1,"68":0,"69":0,"70":0,"71":0,"72":0,"73":0,"74":0,"75":1},"f":{"0":2,"1":1,"2":1,"3":25,"4":1,"5":4,"6":0},"b":{"0":[2],"1":[2],"2":[2],"3":[0,2],"4":[0,2],"5":[0,2],"6":[0,2],"7":[2,2],"8":[0,0],"9":[0,0],"10":[0,0,0,2,2],"11":[0,1],"12":[0,1],"13":[0]},"_coverageSchema":"1a1c01bbd47fc00a2c39e90264f33305004495a9","hash":"f6084f37f7010966f9c7d81a9e54f7547e149f04"}
,"C:\\Users\\SENA\\Desktop\\Github\\Test-Project\\backend\\controllers\\categoria.controller.js": {"path":"C:\\Users\\SENA\\Desktop\\Github\\Test-Project\\backend\\controllers\\categoria.controller.js","statementMap":{"0":{"start":{"line":12,"column":18},"end":{"line":12,"column":48}},"1":{"start":{"line":13,"column":15},"end":{"line":13,"column":35}},"2":{"start":{"line":14,"column":22},"end":{"line":14,"column":51}},"3":{"start":{"line":18,"column":21},"end":{"line":18,"column":54}},"4":{"start":{"line":22,"column":17},"end":{"line":22,"column":46}},"5":{"start":{"line":32,"column":22},"end":{"line":100,"column":1}},"6":{"start":{"line":33,"column":2},"end":{"line":99,"column":3}},"7":{"start":{"line":35,"column":53},"end":{"line":35,"column":62}},"8":{"start":{"line":39,"column":21},"end":{"line":41,"column":5}},"9":{"start":{"line":44,"column":20},"end":{"line":44,"column":22}},"10":{"start":{"line":46,"column":4},"end":{"line":48,"column":5}},"11":{"start":{"line":47,"column":6},"end":{"line":47,"column":41}},"12":{"start":{"line":50,"column":4},"end":{"line":65,"column":5}},"13":{"start":{"line":51,"column":28},"end":{"line":51,"column":49}},"14":{"start":{"line":52,"column":6},"end":{"line":54,"column":8}},"15":{"start":{"line":56,"column":6},"end":{"line":64,"column":8}},"16":{"start":{"line":67,"column":4},"end":{"line":69,"column":5}},"17":{"start":{"line":68,"column":6},"end":{"line":68,"column":31}},"18":{"start":{"line":72,"column":4},"end":{"line":78,"column":5}},"19":{"start":{"line":73,"column":6},"end":{"line":77,"column":9}},"20":{"start":{"line":81,"column":23},"end":{"line":81,"column":56}},"21":{"start":{"line":84,"column":4},"end":{"line":90,"column":7}},"22":{"start":{"line":93,"column":4},"end":{"line":93,"column":52}},"23":{"start":{"line":94,"column":4},"end":{"line":98,"column":7}},"24":{"start":{"line":108,"column":25},"end":{"line":161,"column":1}},"25":{"start":{"line":109,"column":2},"end":{"line":160,"column":3}},"26":{"start":{"line":111,"column":19},"end":{"line":111,"column":29}},"27":{"start":{"line":115,"column":22},"end":{"line":128,"column":6}},"28":{"start":{"line":131,"column":4},"end":{"line":136,"column":5}},"29":{"start":{"line":132,"column":6},"end":{"line":135,"column":9}},"30":{"start":{"line":139,"column":26},"end":{"line":139,"column":44}},"31":{"start":{"line":141,"column":4},"end":{"line":141,"column":66}},"32":{"start":{"line":143,"column":4},"end":{"line":143,"column":35}},"33":{"start":{"line":146,"column":4},"end":{"line":151,"column":7}},"34":{"start":{"line":154,"column":4},"end":{"line":154,"column":55}},"35":{"start":{"line":155,"column":4},"end":{"line":159,"column":7}},"36":{"start":{"line":169,"column":23},"end":{"line":231,"column":1}},"37":{"start":{"line":170,"column":2},"end":{"line":230,"column":3}},"38":{"start":{"line":172,"column":36},"end":{"line":172,"column":44}},"39":{"start":{"line":175,"column":4},"end":{"line":180,"column":5}},"40":{"start":{"line":176,"column":6},"end":{"line":179,"column":9}},"41":{"start":{"line":184,"column":31},"end":{"line":186,"column":6}},"42":{"start":{"line":189,"column":4},"end":{"line":194,"column":5}},"43":{"start":{"line":190,"column":6},"end":{"line":193,"column":9}},"44":{"start":{"line":197,"column":27},"end":{"line":201,"column":6}},"45":{"start":{"line":204,"column":4},"end":{"line":210,"column":7}},"46":{"start":{"line":213,"column":4},"end":{"line":213,"column":53}},"47":{"start":{"line":216,"column":4},"end":{"line":223,"column":5}},"48":{"start":{"line":217,"column":6},"end":{"line":222,"column":9}},"49":{"start":{"line":221,"column":38},"end":{"line":221,"column":47}},"50":{"start":{"line":225,"column":4},"end":{"line":229,"column":7}},"51":{"start":{"line":239,"column":28},"end":{"line":306,"column":1}},"52":{"start":{"line":240,"column":2},"end":{"line":305,"column":3}},"53":{"start":{"line":242,"column":19},"end":{"line":242,"column":29}},"54":{"start":{"line":243,"column":44},"end":{"line":243,"column":52}},"55":{"start":{"line":246,"column":22},"end":{"line":246,"column":50}},"56":{"start":{"line":248,"column":4},"end":{"line":253,"column":5}},"57":{"start":{"line":249,"column":6},"end":{"line":252,"column":9}},"58":{"start":{"line":256,"column":4},"end":{"line":267,"column":5}},"59":{"start":{"line":257,"column":38},"end":{"line":259,"column":8}},"60":{"start":{"line":261,"column":6},"end":{"line":266,"column":7}},"61":{"start":{"line":262,"column":8},"end":{"line":265,"column":11}},"62":{"start":{"line":271,"column":4},"end":{"line":271,"column":56}},"63":{"start":{"line":271,"column":30},"end":{"line":271,"column":56}},"64":{"start":{"line":272,"column":4},"end":{"line":272,"column":71}},"65":{"start":{"line":272,"column":35},"end":{"line":272,"column":71}},"66":{"start":{"line":273,"column":4},"end":{"line":273,"column":56}},"67":{"start":{"line":273,"column":30},"end":{"line":273,"column":56}},"68":{"start":{"line":277,"column":4},"end":{"line":277,"column":27}},"69":{"start":{"line":280,"column":4},"end":{"line":286,"column":7}},"70":{"start":{"line":289,"column":4},"end":{"line":289,"column":58}},"71":{"start":{"line":292,"column":4},"end":{"line":298,"column":5}},"72":{"start":{"line":293,"column":6},"end":{"line":297,"column":9}},"73":{"start":{"line":296,"column":38},"end":{"line":296,"column":47}},"74":{"start":{"line":300,"column":4},"end":{"line":304,"column":7}},"75":{"start":{"line":316,"column":24},"end":{"line":369,"column":1}},"76":{"start":{"line":317,"column":2},"end":{"line":368,"column":3}},"77":{"start":{"line":318,"column":19},"end":{"line":318,"column":29}},"78":{"start":{"line":321,"column":22},"end":{"line":321,"column":50}},"79":{"start":{"line":323,"column":4},"end":{"line":328,"column":5}},"80":{"start":{"line":324,"column":6},"end":{"line":327,"column":9}},"81":{"start":{"line":331,"column":24},"end":{"line":331,"column":41}},"82":{"start":{"line":332,"column":4},"end":{"line":332,"column":35}},"83":{"start":{"line":336,"column":4},"end":{"line":336,"column":27}},"84":{"start":{"line":339,"column":35},"end":{"line":341,"column":6}},"85":{"start":{"line":343,"column":31},"end":{"line":345,"column":6}},"86":{"start":{"line":348,"column":4},"end":{"line":359,"column":7}},"87":{"start":{"line":362,"column":4},"end":{"line":362,"column":54}},"88":{"start":{"line":363,"column":4},"end":{"line":367,"column":7}},"89":{"start":{"line":379,"column":26},"end":{"line":438,"column":1}},"90":{"start":{"line":380,"column":2},"end":{"line":437,"column":3}},"91":{"start":{"line":381,"column":19},"end":{"line":381,"column":29}},"92":{"start":{"line":384,"column":22},"end":{"line":384,"column":50}},"93":{"start":{"line":386,"column":4},"end":{"line":391,"column":5}},"94":{"start":{"line":387,"column":6},"end":{"line":390,"column":9}},"95":{"start":{"line":394,"column":26},"end":{"line":396,"column":6}},"96":{"start":{"line":399,"column":4},"end":{"line":405,"column":5}},"97":{"start":{"line":400,"column":6},"end":{"line":404,"column":9}},"98":{"start":{"line":408,"column":22},"end":{"line":410,"column":6}},"99":{"start":{"line":413,"column":4},"end":{"line":419,"column":5}},"100":{"start":{"line":414,"column":6},"end":{"line":418,"column":9}},"101":{"start":{"line":422,"column":4},"end":{"line":422,"column":30}},"102":{"start":{"line":425,"column":4},"end":{"line":428,"column":7}},"103":{"start":{"line":431,"column":4},"end":{"line":431,"column":56}},"104":{"start":{"line":432,"column":4},"end":{"line":436,"column":7}},"105":{"start":{"line":447,"column":33},"end":{"line":536,"column":1}},"106":{"start":{"line":448,"column":2},"end":{"line":535,"column":3}},"107":{"start":{"line":449,"column":19},"end":{"line":449,"column":29}},"108":{"start":{"line":452,"column":22},"end":{"line":452,"column":50}},"109":{"start":{"line":454,"column":4},"end":{"line":459,"column":5}},"110":{"start":{"line":455,"column":6},"end":{"line":458,"column":9}},"111":{"start":{"line":462,"column":31},"end":{"line":464,"column":6}},"112":{"start":{"line":467,"column":33},"end":{"line":469,"column":6}},"113":{"start":{"line":472,"column":27},"end":{"line":474,"column":6}},"114":{"start":{"line":477,"column":29},"end":{"line":479,"column":6}},"115":{"start":{"line":482,"column":22},"end":{"line":485,"column":6}},"116":{"start":{"line":488,"column":31},"end":{"line":488,"column":32}},"117":{"start":{"line":489,"column":21},"end":{"line":489,"column":22}},"118":{"start":{"line":492,"column":4},"end":{"line":496,"column":7}},"119":{"start":{"line":494,"column":6},"end":{"line":494,"column":75}},"120":{"start":{"line":495,"column":6},"end":{"line":495,"column":35}},"121":{"start":{"line":499,"column":4},"end":{"line":526,"column":7}},"122":{"start":{"line":529,"column":4},"end":{"line":529,"column":63}},"123":{"start":{"line":530,"column":4},"end":{"line":534,"column":7}},"124":{"start":{"line":539,"column":0},"end":{"line":547,"column":2}}},"fnMap":{"0":{"name":"(anonymous_0)","decl":{"start":{"line":32,"column":22},"end":{"line":32,"column":23}},"loc":{"start":{"line":32,"column":42},"end":{"line":100,"column":1}},"line":32},"1":{"name":"(anonymous_1)","decl":{"start":{"line":108,"column":25},"end":{"line":108,"column":26}},"loc":{"start":{"line":108,"column":45},"end":{"line":161,"column":1}},"line":108},"2":{"name":"(anonymous_2)","decl":{"start":{"line":169,"column":23},"end":{"line":169,"column":24}},"loc":{"start":{"line":169,"column":43},"end":{"line":231,"column":1}},"line":169},"3":{"name":"(anonymous_3)","decl":{"start":{"line":221,"column":33},"end":{"line":221,"column":34}},"loc":{"start":{"line":221,"column":38},"end":{"line":221,"column":47}},"line":221},"4":{"name":"(anonymous_4)","decl":{"start":{"line":239,"column":28},"end":{"line":239,"column":29}},"loc":{"start":{"line":239,"column":48},"end":{"line":306,"column":1}},"line":239},"5":{"name":"(anonymous_5)","decl":{"start":{"line":296,"column":33},"end":{"line":296,"column":34}},"loc":{"start":{"line":296,"column":38},"end":{"line":296,"column":47}},"line":296},"6":{"name":"(anonymous_6)","decl":{"start":{"line":316,"column":24},"end":{"line":316,"column":25}},"loc":{"start":{"line":316,"column":44},"end":{"line":369,"column":1}},"line":316},"7":{"name":"(anonymous_7)","decl":{"start":{"line":379,"column":26},"end":{"line":379,"column":27}},"loc":{"start":{"line":379,"column":46},"end":{"line":438,"column":1}},"line":379},"8":{"name":"(anonymous_8)","decl":{"start":{"line":447,"column":33},"end":{"line":447,"column":34}},"loc":{"start":{"line":447,"column":53},"end":{"line":536,"column":1}},"line":447},"9":{"name":"(anonymous_9)","decl":{"start":{"line":492,"column":22},"end":{"line":492,"column":23}},"loc":{"start":{"line":492,"column":34},"end":{"line":496,"column":5}},"line":492}},"branchMap":{"0":{"loc":{"start":{"line":46,"column":4},"end":{"line":48,"column":5}},"type":"if","locations":[{"start":{"line":46,"column":4},"end":{"line":48,"column":5}},{"start":{},"end":{}}],"line":46},"1":{"loc":{"start":{"line":50,"column":4},"end":{"line":65,"column":5}},"type":"if","locations":[{"start":{"line":50,"column":4},"end":{"line":65,"column":5}},{"start":{},"end":{}}],"line":50},"2":{"loc":{"start":{"line":50,"column":8},"end":{"line":50,"column":39}},"type":"binary-expr","locations":[{"start":{"line":50,"column":8},"end":{"line":50,"column":14}},{"start":{"line":50,"column":18},"end":{"line":50,"column":39}}],"line":50},"3":{"loc":{"start":{"line":67,"column":4},"end":{"line":69,"column":5}},"type":"if","locations":[{"start":{"line":67,"column":4},"end":{"line":69,"column":5}},{"start":{},"end":{}}],"line":67},"4":{"loc":{"start":{"line":72,"column":4},"end":{"line":78,"column":5}},"type":"if","locations":[{"start":{"line":72,"column":4},"end":{"line":78,"column":5}},{"start":{},"end":{}}],"line":72},"5":{"loc":{"start":{"line":131,"column":4},"end":{"line":136,"column":5}},"type":"if","locations":[{"start":{"line":131,"column":4},"end":{"line":136,"column":5}},{"start":{},"end":{}}],"line":131},"6":{"loc":{"start":{"line":175,"column":4},"end":{"line":180,"column":5}},"type":"if","locations":[{"start":{"line":175,"column":4},"end":{"line":180,"column":5}},{"start":{},"end":{}}],"line":175},"7":{"loc":{"start":{"line":189,"column":4},"end":{"line":194,"column":5}},"type":"if","locations":[{"start":{"line":189,"column":4},"end":{"line":194,"column":5}},{"start":{},"end":{}}],"line":189},"8":{"loc":{"start":{"line":199,"column":19},"end":{"line":199,"column":38}},"type":"binary-expr","locations":[{"start":{"line":199,"column":19},"end":{"line":199,"column":30}},{"start":{"line":199,"column":34},"end":{"line":199,"column":38}}],"line":199},"9":{"loc":{"start":{"line":216,"column":4},"end":{"line":223,"column":5}},"type":"if","locations":[{"start":{"line":216,"column":4},"end":{"line":223,"column":5}},{"start":{},"end":{}}],"line":216},"10":{"loc":{"start":{"line":248,"column":4},"end":{"line":253,"column":5}},"type":"if","locations":[{"start":{"line":248,"column":4},"end":{"line":253,"column":5}},{"start":{},"end":{}}],"line":248},"11":{"loc":{"start":{"line":256,"column":4},"end":{"line":267,"column":5}},"type":"if","locations":[{"start":{"line":256,"column":4},"end":{"line":267,"column":5}},{"start":{},"end":{}}],"line":256},"12":{"loc":{"start":{"line":256,"column":8},"end":{"line":256,"column":45}},"type":"binary-expr","locations":[{"start":{"line":256,"column":8},"end":{"line":256,"column":14}},{"start":{"line":256,"column":18},"end":{"line":256,"column":45}}],"line":256},"13":{"loc":{"start":{"line":261,"column":6},"end":{"line":266,"column":7}},"type":"if","locations":[{"start":{"line":261,"column":6},"end":{"line":266,"column":7}},{"start":{},"end":{}}],"line":261},"14":{"loc":{"start":{"line":271,"column":4},"end":{"line":271,"column":56}},"type":"if","locations":[{"start":{"line":271,"column":4},"end":{"line":271,"column":56}},{"start":{},"end":{}}],"line":271},"15":{"loc":{"start":{"line":272,"column":4},"end":{"line":272,"column":71}},"type":"if","locations":[{"start":{"line":272,"column":4},"end":{"line":272,"column":71}},{"start":{},"end":{}}],"line":272},"16":{"loc":{"start":{"line":273,"column":4},"end":{"line":273,"column":56}},"type":"if","locations":[{"start":{"line":273,"column":4},"end":{"line":273,"column":56}},{"start":{},"end":{}}],"line":273},"17":{"loc":{"start":{"line":292,"column":4},"end":{"line":298,"column":5}},"type":"if","locations":[{"start":{"line":292,"column":4},"end":{"line":298,"column":5}},{"start":{},"end":{}}],"line":292},"18":{"loc":{"start":{"line":323,"column":4},"end":{"line":328,"column":5}},"type":"if","locations":[{"start":{"line":323,"column":4},"end":{"line":328,"column":5}},{"start":{},"end":{}}],"line":323},"19":{"loc":{"start":{"line":351,"column":28},"end":{"line":351,"column":68}},"type":"cond-expr","locations":[{"start":{"line":351,"column":42},"end":{"line":351,"column":52}},{"start":{"line":351,"column":55},"end":{"line":351,"column":68}}],"line":351},"20":{"loc":{"start":{"line":386,"column":4},"end":{"line":391,"column":5}},"type":"if","locations":[{"start":{"line":386,"column":4},"end":{"line":391,"column":5}},{"start":{},"end":{}}],"line":386},"21":{"loc":{"start":{"line":399,"column":4},"end":{"line":405,"column":5}},"type":"if","locations":[{"start":{"line":399,"column":4},"end":{"line":405,"column":5}},{"start":{},"end":{}}],"line":399},"22":{"loc":{"start":{"line":413,"column":4},"end":{"line":419,"column":5}},"type":"if","locations":[{"start":{"line":413,"column":4},"end":{"line":419,"column":5}},{"start":{},"end":{}}],"line":413},"23":{"loc":{"start":{"line":454,"column":4},"end":{"line":459,"column":5}},"type":"if","locations":[{"start":{"line":454,"column":4},"end":{"line":459,"column":5}},{"start":{},"end":{}}],"line":454}},"s":{"0":1,"1":1,"2":1,"3":1,"4":1,"5":1,"6":1,"7":1,"8":1,"9":1,"10":1,"11":0,"12":1,"13":0,"14":0,"15":0,"16":1,"17":0,"18":1,"19":0,"20":1,"21":1,"22":0,"23":0,"24":1,"25":1,"26":1,"27":1,"28":1,"29":0,"30":1,"31":1,"32":1,"33":1,"34":0,"35":0,"36":1,"37":3,"38":3,"39":3,"40":0,"41":3,"42":3,"43":0,"44":3,"45":3,"46":0,"47":0,"48":0,"49":0,"50":0,"51":1,"52":1,"53":1,"54":1,"55":1,"56":1,"57":0,"58":1,"59":1,"60":1,"61":0,"62":1,"63":1,"64":1,"65":1,"66":1,"67":0,"68":1,"69":1,"70":0,"71":0,"72":0,"73":0,"74":0,"75":1,"76":0,"77":0,"78":0,"79":0,"80":0,"81":0,"82":0,"83":0,"84":0,"85":0,"86":0,"87":0,"88":0,"89":1,"90":1,"91":1,"92":1,"93":1,"94":0,"95":1,"96":1,"97":0,"98":1,"99":1,"100":0,"101":1,"102":1,"103":0,"104":0,"105":1,"106":0,"107":0,"108":0,"109":0,"110":0,"111":0,"112":0,"113":0,"114":0,"115":0,"116":0,"117":0,"118":0,"119":0,"120":0,"121":0,"122":0,"123":0,"124":1},"f":{"0":1,"1":1,"2":3,"3":0,"4":1,"5":0,"6":0,"7":1,"8":0,"9":0},"b":{"0":[0,1],"1":[0,1],"2":[1,0],"3":[0,1],"4":[0,1],"5":[0,1],"6":[0,3],"7":[0,3],"8":[3,0],"9":[0,0],"10":[0,1],"11":[1,0],"12":[1,1],"13":[0,1],"14":[1,0],"15":[1,0],"16":[0,1],"17":[0,0],"18":[0,0],"19":[0,0],"20":[0,1],"21":[0,1],"22":[0,1],"23":[0,0]},"_coverageSchema":"1a1c01bbd47fc00a2c39e90264f33305004495a9","hash":"801fb18012076be59055c76f5499a1b687c5111b"}
,"C:\\Users\\SENA\\Desktop\\Github\\Test-Project\\backend\\controllers\\comentario.controller.js": {"path":"C:\\Users\\SENA\\Desktop\\Github\\Test-Project\\backend\\controllers\\comentario.controller.js","statementMap":{"0":{"start":{"line":11,"column":19},"end":{"line":11,"column":50}},"1":{"start":{"line":12,"column":16},"end":{"line":12,"column":44}},"2":{"start":{"line":13,"column":17},"end":{"line":13,"column":46}},"3":{"start":{"line":14,"column":22},"end":{"line":14,"column":56}},"4":{"start":{"line":15,"column":15},"end":{"line":15,"column":42}},"5":{"start":{"line":16,"column":15},"end":{"line":16,"column":35}},"6":{"start":{"line":37,"column":24},"end":{"line":140,"column":1}},"7":{"start":{"line":38,"column":2},"end":{"line":139,"column":3}},"8":{"start":{"line":40,"column":22},"end":{"line":40,"column":36}},"9":{"start":{"line":41,"column":53},"end":{"line":41,"column":61}},"10":{"start":{"line":44,"column":4},"end":{"line":49,"column":5}},"11":{"start":{"line":45,"column":6},"end":{"line":48,"column":9}},"12":{"start":{"line":52,"column":4},"end":{"line":57,"column":5}},"13":{"start":{"line":53,"column":6},"end":{"line":56,"column":9}},"14":{"start":{"line":60,"column":30},"end":{"line":60,"column":47}},"15":{"start":{"line":61,"column":4},"end":{"line":66,"column":5}},"16":{"start":{"line":62,"column":6},"end":{"line":65,"column":9}},"17":{"start":{"line":69,"column":21},"end":{"line":69,"column":56}},"18":{"start":{"line":70,"column":4},"end":{"line":75,"column":5}},"19":{"start":{"line":71,"column":6},"end":{"line":74,"column":9}},"20":{"start":{"line":78,"column":25},"end":{"line":88,"column":6}},"21":{"start":{"line":90,"column":4},"end":{"line":95,"column":5}},"22":{"start":{"line":91,"column":6},"end":{"line":94,"column":9}},"23":{"start":{"line":98,"column":32},"end":{"line":100,"column":6}},"24":{"start":{"line":102,"column":4},"end":{"line":107,"column":5}},"25":{"start":{"line":103,"column":6},"end":{"line":106,"column":9}},"26":{"start":{"line":110,"column":28},"end":{"line":116,"column":6}},"27":{"start":{"line":119,"column":4},"end":{"line":130,"column":7}},"28":{"start":{"line":133,"column":4},"end":{"line":133,"column":54}},"29":{"start":{"line":134,"column":4},"end":{"line":138,"column":7}},"30":{"start":{"line":165,"column":35},"end":{"line":250,"column":1}},"31":{"start":{"line":166,"column":2},"end":{"line":249,"column":3}},"32":{"start":{"line":167,"column":27},"end":{"line":167,"column":37}},"33":{"start":{"line":168,"column":19},"end":{"line":168,"column":50}},"34":{"start":{"line":169,"column":19},"end":{"line":169,"column":65}},"35":{"start":{"line":170,"column":19},"end":{"line":170,"column":40}},"36":{"start":{"line":173,"column":21},"end":{"line":173,"column":56}},"37":{"start":{"line":174,"column":4},"end":{"line":179,"column":5}},"38":{"start":{"line":175,"column":6},"end":{"line":178,"column":9}},"39":{"start":{"line":182,"column":41},"end":{"line":198,"column":6}},"40":{"start":{"line":201,"column":32},"end":{"line":207,"column":6}},"41":{"start":{"line":209,"column":33},"end":{"line":211,"column":9}},"42":{"start":{"line":210,"column":48},"end":{"line":210,"column":68}},"43":{"start":{"line":213,"column":25},"end":{"line":213,"column":50}},"44":{"start":{"line":215,"column":4},"end":{"line":240,"column":7}},"45":{"start":{"line":224,"column":43},"end":{"line":232,"column":9}},"46":{"start":{"line":243,"column":4},"end":{"line":243,"column":65}},"47":{"start":{"line":244,"column":4},"end":{"line":248,"column":7}},"48":{"start":{"line":266,"column":27},"end":{"line":302,"column":1}},"49":{"start":{"line":267,"column":2},"end":{"line":301,"column":3}},"50":{"start":{"line":268,"column":29},"end":{"line":268,"column":39}},"51":{"start":{"line":271,"column":23},"end":{"line":271,"column":62}},"52":{"start":{"line":272,"column":4},"end":{"line":277,"column":5}},"53":{"start":{"line":273,"column":6},"end":{"line":276,"column":9}},"54":{"start":{"line":280,"column":23},"end":{"line":280,"column":44}},"55":{"start":{"line":283,"column":4},"end":{"line":283,"column":31}},"56":{"start":{"line":285,"column":4},"end":{"line":292,"column":7}},"57":{"start":{"line":295,"column":4},"end":{"line":295,"column":57}},"58":{"start":{"line":296,"column":4},"end":{"line":300,"column":7}},"59":{"start":{"line":310,"column":26},"end":{"line":368,"column":1}},"60":{"start":{"line":311,"column":2},"end":{"line":367,"column":3}},"61":{"start":{"line":312,"column":29},"end":{"line":312,"column":39}},"62":{"start":{"line":313,"column":32},"end":{"line":313,"column":40}},"63":{"start":{"line":315,"column":4},"end":{"line":320,"column":5}},"64":{"start":{"line":316,"column":6},"end":{"line":319,"column":9}},"65":{"start":{"line":323,"column":4},"end":{"line":340,"column":5}},"66":{"start":{"line":324,"column":6},"end":{"line":329,"column":7}},"67":{"start":{"line":325,"column":8},"end":{"line":328,"column":11}},"68":{"start":{"line":330,"column":6},"end":{"line":330,"column":28}},"69":{"start":{"line":332,"column":26},"end":{"line":332,"column":57}},"70":{"start":{"line":333,"column":6},"end":{"line":338,"column":7}},"71":{"start":{"line":334,"column":8},"end":{"line":337,"column":11}},"72":{"start":{"line":339,"column":6},"end":{"line":339,"column":46}},"73":{"start":{"line":342,"column":23},"end":{"line":342,"column":62}},"74":{"start":{"line":343,"column":4},"end":{"line":348,"column":5}},"75":{"start":{"line":344,"column":6},"end":{"line":347,"column":9}},"76":{"start":{"line":350,"column":4},"end":{"line":350,"column":53}},"77":{"start":{"line":352,"column":4},"end":{"line":359,"column":7}},"78":{"start":{"line":361,"column":4},"end":{"line":361,"column":56}},"79":{"start":{"line":362,"column":4},"end":{"line":366,"column":7}},"80":{"start":{"line":375,"column":25},"end":{"line":405,"column":1}},"81":{"start":{"line":376,"column":2},"end":{"line":404,"column":3}},"82":{"start":{"line":377,"column":29},"end":{"line":377,"column":39}},"83":{"start":{"line":378,"column":23},"end":{"line":378,"column":62}},"84":{"start":{"line":379,"column":4},"end":{"line":384,"column":5}},"85":{"start":{"line":380,"column":6},"end":{"line":383,"column":9}},"86":{"start":{"line":386,"column":24},"end":{"line":386,"column":42}},"87":{"start":{"line":387,"column":4},"end":{"line":387,"column":53}},"88":{"start":{"line":389,"column":4},"end":{"line":396,"column":7}},"89":{"start":{"line":398,"column":4},"end":{"line":398,"column":55}},"90":{"start":{"line":399,"column":4},"end":{"line":403,"column":7}},"91":{"start":{"line":414,"column":25},"end":{"line":484,"column":1}},"92":{"start":{"line":415,"column":2},"end":{"line":483,"column":3}},"93":{"start":{"line":416,"column":22},"end":{"line":416,"column":36}},"94":{"start":{"line":417,"column":29},"end":{"line":417,"column":39}},"95":{"start":{"line":418,"column":41},"end":{"line":418,"column":49}},"96":{"start":{"line":420,"column":25},"end":{"line":420,"column":64}},"97":{"start":{"line":421,"column":4},"end":{"line":426,"column":5}},"98":{"start":{"line":422,"column":6},"end":{"line":425,"column":9}},"99":{"start":{"line":428,"column":4},"end":{"line":433,"column":5}},"100":{"start":{"line":429,"column":6},"end":{"line":432,"column":9}},"101":{"start":{"line":435,"column":4},"end":{"line":440,"column":5}},"102":{"start":{"line":436,"column":6},"end":{"line":439,"column":9}},"103":{"start":{"line":442,"column":20},"end":{"line":442,"column":22}},"104":{"start":{"line":443,"column":4},"end":{"line":452,"column":5}},"105":{"start":{"line":444,"column":32},"end":{"line":444,"column":60}},"106":{"start":{"line":445,"column":6},"end":{"line":450,"column":7}},"107":{"start":{"line":446,"column":8},"end":{"line":449,"column":11}},"108":{"start":{"line":451,"column":6},"end":{"line":451,"column":45}},"109":{"start":{"line":454,"column":4},"end":{"line":462,"column":5}},"110":{"start":{"line":455,"column":6},"end":{"line":460,"column":7}},"111":{"start":{"line":456,"column":8},"end":{"line":459,"column":11}},"112":{"start":{"line":461,"column":6},"end":{"line":461,"column":42}},"113":{"start":{"line":464,"column":4},"end":{"line":464,"column":39}},"114":{"start":{"line":466,"column":4},"end":{"line":475,"column":7}},"115":{"start":{"line":477,"column":4},"end":{"line":477,"column":55}},"116":{"start":{"line":478,"column":4},"end":{"line":482,"column":7}},"117":{"start":{"line":492,"column":33},"end":{"line":530,"column":1}},"118":{"start":{"line":493,"column":2},"end":{"line":529,"column":3}},"119":{"start":{"line":494,"column":22},"end":{"line":494,"column":36}},"120":{"start":{"line":495,"column":29},"end":{"line":495,"column":39}},"121":{"start":{"line":497,"column":25},"end":{"line":497,"column":64}},"122":{"start":{"line":498,"column":4},"end":{"line":503,"column":5}},"123":{"start":{"line":499,"column":6},"end":{"line":502,"column":9}},"124":{"start":{"line":505,"column":4},"end":{"line":510,"column":5}},"125":{"start":{"line":506,"column":6},"end":{"line":509,"column":9}},"126":{"start":{"line":512,"column":4},"end":{"line":512,"column":49}},"127":{"start":{"line":514,"column":4},"end":{"line":521,"column":7}},"128":{"start":{"line":523,"column":4},"end":{"line":523,"column":63}},"129":{"start":{"line":524,"column":4},"end":{"line":528,"column":7}},"130":{"start":{"line":538,"column":37},"end":{"line":592,"column":1}},"131":{"start":{"line":539,"column":2},"end":{"line":591,"column":3}},"132":{"start":{"line":540,"column":26},"end":{"line":540,"column":36}},"133":{"start":{"line":542,"column":20},"end":{"line":544,"column":6}},"134":{"start":{"line":546,"column":4},"end":{"line":551,"column":5}},"135":{"start":{"line":547,"column":6},"end":{"line":550,"column":9}},"136":{"start":{"line":553,"column":24},"end":{"line":563,"column":6}},"137":{"start":{"line":565,"column":4},"end":{"line":583,"column":7}},"138":{"start":{"line":573,"column":43},"end":{"line":581,"column":9}},"139":{"start":{"line":585,"column":4},"end":{"line":585,"column":67}},"140":{"start":{"line":586,"column":4},"end":{"line":590,"column":7}},"141":{"start":{"line":600,"column":32},"end":{"line":697,"column":1}},"142":{"start":{"line":601,"column":2},"end":{"line":696,"column":3}},"143":{"start":{"line":602,"column":100},"end":{"line":602,"column":109}},"144":{"start":{"line":603,"column":21},"end":{"line":603,"column":43}},"145":{"start":{"line":604,"column":22},"end":{"line":604,"column":55}},"146":{"start":{"line":606,"column":18},"end":{"line":606,"column":20}},"147":{"start":{"line":607,"column":4},"end":{"line":609,"column":5}},"148":{"start":{"line":608,"column":6},"end":{"line":608,"column":86}},"149":{"start":{"line":611,"column":4},"end":{"line":613,"column":5}},"150":{"start":{"line":612,"column":6},"end":{"line":612,"column":50}},"151":{"start":{"line":615,"column":4},"end":{"line":617,"column":5}},"152":{"start":{"line":616,"column":6},"end":{"line":616,"column":44}},"153":{"start":{"line":619,"column":4},"end":{"line":621,"column":5}},"154":{"start":{"line":620,"column":6},"end":{"line":620,"column":46}},"155":{"start":{"line":623,"column":4},"end":{"line":630,"column":5}},"156":{"start":{"line":624,"column":28},"end":{"line":624,"column":41}},"157":{"start":{"line":625,"column":6},"end":{"line":629,"column":8}},"158":{"start":{"line":633,"column":22},"end":{"line":633,"column":41}},"159":{"start":{"line":634,"column":4},"end":{"line":640,"column":5}},"160":{"start":{"line":635,"column":6},"end":{"line":635,"column":39}},"161":{"start":{"line":636,"column":11},"end":{"line":640,"column":5}},"162":{"start":{"line":637,"column":6},"end":{"line":637,"column":47}},"163":{"start":{"line":638,"column":11},"end":{"line":640,"column":5}},"164":{"start":{"line":639,"column":6},"end":{"line":639,"column":46}},"165":{"start":{"line":642,"column":41},"end":{"line":660,"column":6}},"166":{"start":{"line":662,"column":25},"end":{"line":662,"column":52}},"167":{"start":{"line":664,"column":4},"end":{"line":687,"column":7}},"168":{"start":{"line":667,"column":43},"end":{"line":679,"column":9}},"169":{"start":{"line":690,"column":4},"end":{"line":690,"column":62}},"170":{"start":{"line":691,"column":4},"end":{"line":695,"column":7}},"171":{"start":{"line":703,"column":34},"end":{"line":729,"column":1}},"172":{"start":{"line":704,"column":2},"end":{"line":728,"column":3}},"173":{"start":{"line":705,"column":24},"end":{"line":713,"column":6}},"174":{"start":{"line":715,"column":20},"end":{"line":715,"column":75}},"175":{"start":{"line":715,"column":41},"end":{"line":715,"column":50}},"176":{"start":{"line":715,"column":64},"end":{"line":715,"column":74}},"177":{"start":{"line":717,"column":4},"end":{"line":720,"column":7}},"178":{"start":{"line":722,"column":4},"end":{"line":722,"column":64}},"179":{"start":{"line":723,"column":4},"end":{"line":727,"column":7}},"180":{"start":{"line":735,"column":35},"end":{"line":761,"column":1}},"181":{"start":{"line":736,"column":2},"end":{"line":760,"column":3}},"182":{"start":{"line":737,"column":24},"end":{"line":745,"column":6}},"183":{"start":{"line":747,"column":22},"end":{"line":747,"column":78}},"184":{"start":{"line":747,"column":43},"end":{"line":747,"column":53}},"185":{"start":{"line":747,"column":67},"end":{"line":747,"column":77}},"186":{"start":{"line":749,"column":4},"end":{"line":752,"column":7}},"187":{"start":{"line":754,"column":4},"end":{"line":754,"column":65}},"188":{"start":{"line":755,"column":4},"end":{"line":759,"column":7}},"189":{"start":{"line":766,"column":0},"end":{"line":778,"column":2}}},"fnMap":{"0":{"name":"(anonymous_0)","decl":{"start":{"line":37,"column":24},"end":{"line":37,"column":25}},"loc":{"start":{"line":37,"column":44},"end":{"line":140,"column":1}},"line":37},"1":{"name":"(anonymous_1)","decl":{"start":{"line":165,"column":35},"end":{"line":165,"column":36}},"loc":{"start":{"line":165,"column":55},"end":{"line":250,"column":1}},"line":165},"2":{"name":"(anonymous_2)","decl":{"start":{"line":210,"column":36},"end":{"line":210,"column":37}},"loc":{"start":{"line":210,"column":48},"end":{"line":210,"column":68}},"line":210},"3":{"name":"(anonymous_3)","decl":{"start":{"line":224,"column":37},"end":{"line":224,"column":38}},"loc":{"start":{"line":224,"column":43},"end":{"line":232,"column":9}},"line":224},"4":{"name":"(anonymous_4)","decl":{"start":{"line":266,"column":27},"end":{"line":266,"column":28}},"loc":{"start":{"line":266,"column":47},"end":{"line":302,"column":1}},"line":266},"5":{"name":"(anonymous_5)","decl":{"start":{"line":310,"column":26},"end":{"line":310,"column":27}},"loc":{"start":{"line":310,"column":46},"end":{"line":368,"column":1}},"line":310},"6":{"name":"(anonymous_6)","decl":{"start":{"line":375,"column":25},"end":{"line":375,"column":26}},"loc":{"start":{"line":375,"column":45},"end":{"line":405,"column":1}},"line":375},"7":{"name":"(anonymous_7)","decl":{"start":{"line":414,"column":25},"end":{"line":414,"column":26}},"loc":{"start":{"line":414,"column":45},"end":{"line":484,"column":1}},"line":414},"8":{"name":"(anonymous_8)","decl":{"start":{"line":492,"column":33},"end":{"line":492,"column":34}},"loc":{"start":{"line":492,"column":53},"end":{"line":530,"column":1}},"line":492},"9":{"name":"(anonymous_9)","decl":{"start":{"line":538,"column":37},"end":{"line":538,"column":38}},"loc":{"start":{"line":538,"column":57},"end":{"line":592,"column":1}},"line":538},"10":{"name":"(anonymous_10)","decl":{"start":{"line":573,"column":37},"end":{"line":573,"column":38}},"loc":{"start":{"line":573,"column":43},"end":{"line":581,"column":9}},"line":573},"11":{"name":"(anonymous_11)","decl":{"start":{"line":600,"column":32},"end":{"line":600,"column":33}},"loc":{"start":{"line":600,"column":52},"end":{"line":697,"column":1}},"line":600},"12":{"name":"(anonymous_12)","decl":{"start":{"line":667,"column":37},"end":{"line":667,"column":38}},"loc":{"start":{"line":667,"column":43},"end":{"line":679,"column":9}},"line":667},"13":{"name":"(anonymous_13)","decl":{"start":{"line":703,"column":34},"end":{"line":703,"column":35}},"loc":{"start":{"line":703,"column":54},"end":{"line":729,"column":1}},"line":703},"14":{"name":"(anonymous_14)","decl":{"start":{"line":715,"column":36},"end":{"line":715,"column":37}},"loc":{"start":{"line":715,"column":41},"end":{"line":715,"column":50}},"line":715},"15":{"name":"(anonymous_15)","decl":{"start":{"line":715,"column":59},"end":{"line":715,"column":60}},"loc":{"start":{"line":715,"column":64},"end":{"line":715,"column":74}},"line":715},"16":{"name":"(anonymous_16)","decl":{"start":{"line":735,"column":35},"end":{"line":735,"column":36}},"loc":{"start":{"line":735,"column":55},"end":{"line":761,"column":1}},"line":735},"17":{"name":"(anonymous_17)","decl":{"start":{"line":747,"column":38},"end":{"line":747,"column":39}},"loc":{"start":{"line":747,"column":43},"end":{"line":747,"column":53}},"line":747},"18":{"name":"(anonymous_18)","decl":{"start":{"line":747,"column":62},"end":{"line":747,"column":63}},"loc":{"start":{"line":747,"column":67},"end":{"line":747,"column":77}},"line":747}},"branchMap":{"0":{"loc":{"start":{"line":44,"column":4},"end":{"line":49,"column":5}},"type":"if","locations":[{"start":{"line":44,"column":4},"end":{"line":49,"column":5}},{"start":{},"end":{}}],"line":44},"1":{"loc":{"start":{"line":44,"column":8},"end":{"line":44,"column":64}},"type":"binary-expr","locations":[{"start":{"line":44,"column":8},"end":{"line":44,"column":19}},{"start":{"line":44,"column":23},"end":{"line":44,"column":34}},{"start":{"line":44,"column":38},"end":{"line":44,"column":64}}],"line":44},"2":{"loc":{"start":{"line":52,"column":4},"end":{"line":57,"column":5}},"type":"if","locations":[{"start":{"line":52,"column":4},"end":{"line":57,"column":5}},{"start":{},"end":{}}],"line":52},"3":{"loc":{"start":{"line":52,"column":8},"end":{"line":52,"column":79}},"type":"binary-expr","locations":[{"start":{"line":52,"column":8},"end":{"line":52,"column":39}},{"start":{"line":52,"column":43},"end":{"line":52,"column":59}},{"start":{"line":52,"column":63},"end":{"line":52,"column":79}}],"line":52},"4":{"loc":{"start":{"line":61,"column":4},"end":{"line":66,"column":5}},"type":"if","locations":[{"start":{"line":61,"column":4},"end":{"line":66,"column":5}},{"start":{},"end":{}}],"line":61},"5":{"loc":{"start":{"line":61,"column":8},"end":{"line":61,"column":72}},"type":"binary-expr","locations":[{"start":{"line":61,"column":8},"end":{"line":61,"column":38}},{"start":{"line":61,"column":42},"end":{"line":61,"column":72}}],"line":61},"6":{"loc":{"start":{"line":70,"column":4},"end":{"line":75,"column":5}},"type":"if","locations":[{"start":{"line":70,"column":4},"end":{"line":75,"column":5}},{"start":{},"end":{}}],"line":70},"7":{"loc":{"start":{"line":90,"column":4},"end":{"line":95,"column":5}},"type":"if","locations":[{"start":{"line":90,"column":4},"end":{"line":95,"column":5}},{"start":{},"end":{}}],"line":90},"8":{"loc":{"start":{"line":102,"column":4},"end":{"line":107,"column":5}},"type":"if","locations":[{"start":{"line":102,"column":4},"end":{"line":107,"column":5}},{"start":{},"end":{}}],"line":102},"9":{"loc":{"start":{"line":127,"column":16},"end":{"line":127,"column":65}},"type":"cond-expr","locations":[{"start":{"line":127,"column":41},"end":{"line":127,"column":50}},{"start":{"line":127,"column":53},"end":{"line":127,"column":65}}],"line":127},"10":{"loc":{"start":{"line":168,"column":19},"end":{"line":168,"column":50}},"type":"binary-expr","locations":[{"start":{"line":168,"column":19},"end":{"line":168,"column":45}},{"start":{"line":168,"column":49},"end":{"line":168,"column":50}}],"line":168},"11":{"loc":{"start":{"line":169,"column":28},"end":{"line":169,"column":60}},"type":"binary-expr","locations":[{"start":{"line":169,"column":28},"end":{"line":169,"column":54}},{"start":{"line":169,"column":58},"end":{"line":169,"column":60}}],"line":169},"12":{"loc":{"start":{"line":174,"column":4},"end":{"line":179,"column":5}},"type":"if","locations":[{"start":{"line":174,"column":4},"end":{"line":179,"column":5}},{"start":{},"end":{}}],"line":174},"13":{"loc":{"start":{"line":209,"column":33},"end":{"line":211,"column":9}},"type":"cond-expr","locations":[{"start":{"line":210,"column":8},"end":{"line":210,"column":113}},{"start":{"line":211,"column":8},"end":{"line":211,"column":9}}],"line":209},"14":{"loc":{"start":{"line":230,"column":18},"end":{"line":230,"column":53}},"type":"cond-expr","locations":[{"start":{"line":230,"column":29},"end":{"line":230,"column":38}},{"start":{"line":230,"column":41},"end":{"line":230,"column":53}}],"line":230},"15":{"loc":{"start":{"line":272,"column":4},"end":{"line":277,"column":5}},"type":"if","locations":[{"start":{"line":272,"column":4},"end":{"line":277,"column":5}},{"start":{},"end":{}}],"line":272},"16":{"loc":{"start":{"line":315,"column":4},"end":{"line":320,"column":5}},"type":"if","locations":[{"start":{"line":315,"column":4},"end":{"line":320,"column":5}},{"start":{},"end":{}}],"line":315},"17":{"loc":{"start":{"line":315,"column":8},"end":{"line":315,"column":53}},"type":"binary-expr","locations":[{"start":{"line":315,"column":8},"end":{"line":315,"column":28}},{"start":{"line":315,"column":32},"end":{"line":315,"column":53}}],"line":315},"18":{"loc":{"start":{"line":323,"column":4},"end":{"line":340,"column":5}},"type":"if","locations":[{"start":{"line":323,"column":4},"end":{"line":340,"column":5}},{"start":{"line":331,"column":11},"end":{"line":340,"column":5}}],"line":323},"19":{"loc":{"start":{"line":324,"column":6},"end":{"line":329,"column":7}},"type":"if","locations":[{"start":{"line":324,"column":6},"end":{"line":329,"column":7}},{"start":{},"end":{}}],"line":324},"20":{"loc":{"start":{"line":333,"column":6},"end":{"line":338,"column":7}},"type":"if","locations":[{"start":{"line":333,"column":6},"end":{"line":338,"column":7}},{"start":{},"end":{}}],"line":333},"21":{"loc":{"start":{"line":343,"column":4},"end":{"line":348,"column":5}},"type":"if","locations":[{"start":{"line":343,"column":4},"end":{"line":348,"column":5}},{"start":{},"end":{}}],"line":343},"22":{"loc":{"start":{"line":354,"column":29},"end":{"line":354,"column":67}},"type":"cond-expr","locations":[{"start":{"line":354,"column":43},"end":{"line":354,"column":52}},{"start":{"line":354,"column":55},"end":{"line":354,"column":67}}],"line":354},"23":{"loc":{"start":{"line":357,"column":16},"end":{"line":357,"column":54}},"type":"cond-expr","locations":[{"start":{"line":357,"column":30},"end":{"line":357,"column":39}},{"start":{"line":357,"column":42},"end":{"line":357,"column":54}}],"line":357},"24":{"loc":{"start":{"line":379,"column":4},"end":{"line":384,"column":5}},"type":"if","locations":[{"start":{"line":379,"column":4},"end":{"line":384,"column":5}},{"start":{},"end":{}}],"line":379},"25":{"loc":{"start":{"line":391,"column":29},"end":{"line":391,"column":67}},"type":"cond-expr","locations":[{"start":{"line":391,"column":43},"end":{"line":391,"column":52}},{"start":{"line":391,"column":55},"end":{"line":391,"column":67}}],"line":391},"26":{"loc":{"start":{"line":394,"column":16},"end":{"line":394,"column":54}},"type":"cond-expr","locations":[{"start":{"line":394,"column":30},"end":{"line":394,"column":39}},{"start":{"line":394,"column":42},"end":{"line":394,"column":54}}],"line":394},"27":{"loc":{"start":{"line":421,"column":4},"end":{"line":426,"column":5}},"type":"if","locations":[{"start":{"line":421,"column":4},"end":{"line":426,"column":5}},{"start":{},"end":{}}],"line":421},"28":{"loc":{"start":{"line":428,"column":4},"end":{"line":433,"column":5}},"type":"if","locations":[{"start":{"line":428,"column":4},"end":{"line":433,"column":5}},{"start":{},"end":{}}],"line":428},"29":{"loc":{"start":{"line":435,"column":4},"end":{"line":440,"column":5}},"type":"if","locations":[{"start":{"line":435,"column":4},"end":{"line":440,"column":5}},{"start":{},"end":{}}],"line":435},"30":{"loc":{"start":{"line":435,"column":8},"end":{"line":435,"column":49}},"type":"binary-expr","locations":[{"start":{"line":435,"column":8},"end":{"line":435,"column":19}},{"start":{"line":435,"column":23},"end":{"line":435,"column":49}}],"line":435},"31":{"loc":{"start":{"line":443,"column":4},"end":{"line":452,"column":5}},"type":"if","locations":[{"start":{"line":443,"column":4},"end":{"line":452,"column":5}},{"start":{},"end":{}}],"line":443},"32":{"loc":{"start":{"line":445,"column":6},"end":{"line":450,"column":7}},"type":"if","locations":[{"start":{"line":445,"column":6},"end":{"line":450,"column":7}},{"start":{},"end":{}}],"line":445},"33":{"loc":{"start":{"line":445,"column":10},"end":{"line":445,"column":75}},"type":"binary-expr","locations":[{"start":{"line":445,"column":10},"end":{"line":445,"column":40}},{"start":{"line":445,"column":44},"end":{"line":445,"column":75}}],"line":445},"34":{"loc":{"start":{"line":454,"column":4},"end":{"line":462,"column":5}},"type":"if","locations":[{"start":{"line":454,"column":4},"end":{"line":462,"column":5}},{"start":{},"end":{}}],"line":454},"35":{"loc":{"start":{"line":455,"column":6},"end":{"line":460,"column":7}},"type":"if","locations":[{"start":{"line":455,"column":6},"end":{"line":460,"column":7}},{"start":{},"end":{}}],"line":455},"36":{"loc":{"start":{"line":455,"column":10},"end":{"line":455,"column":81}},"type":"binary-expr","locations":[{"start":{"line":455,"column":10},"end":{"line":455,"column":41}},{"start":{"line":455,"column":45},"end":{"line":455,"column":61}},{"start":{"line":455,"column":65},"end":{"line":455,"column":81}}],"line":455},"37":{"loc":{"start":{"line":473,"column":16},"end":{"line":473,"column":62}},"type":"cond-expr","locations":[{"start":{"line":473,"column":38},"end":{"line":473,"column":47}},{"start":{"line":473,"column":50},"end":{"line":473,"column":62}}],"line":473},"38":{"loc":{"start":{"line":498,"column":4},"end":{"line":503,"column":5}},"type":"if","locations":[{"start":{"line":498,"column":4},"end":{"line":503,"column":5}},{"start":{},"end":{}}],"line":498},"39":{"loc":{"start":{"line":505,"column":4},"end":{"line":510,"column":5}},"type":"if","locations":[{"start":{"line":505,"column":4},"end":{"line":510,"column":5}},{"start":{},"end":{}}],"line":505},"40":{"loc":{"start":{"line":546,"column":4},"end":{"line":551,"column":5}},"type":"if","locations":[{"start":{"line":546,"column":4},"end":{"line":551,"column":5}},{"start":{},"end":{}}],"line":546},"41":{"loc":{"start":{"line":576,"column":20},"end":{"line":576,"column":46}},"type":"binary-expr","locations":[{"start":{"line":576,"column":20},"end":{"line":576,"column":38}},{"start":{"line":576,"column":42},"end":{"line":576,"column":46}}],"line":576},"42":{"loc":{"start":{"line":57
[...]
,"C:\\Users\\SENA\\Desktop\\Github\\Test-Project\\backend\\middleware\\checkRole.js": {"path":"C:\\Users\\SENA\\Desktop\\Github\\Test-Project\\backend\\middleware\\checkRole.js","statementMap":{"0":{"start":{"line":27,"column":24},"end":{"line":58,"column":1}},"1":{"start":{"line":28,"column":2},"end":{"line":57,"column":3}},"2":{"start":{"line":31,"column":4},"end":{"line":36,"column":5}},"3":{"start":{"line":32,"column":6},"end":{"line":35,"column":9}},"4":{"start":{"line":40,"column":4},"end":{"line":45,"column":5}},"5":{"start":{"line":41,"column":6},"end":{"line":44,"column":9}},"6":{"start":{"line":48,"column":4},"end":{"line":48,"column":11}},"7":{"start":{"line":51,"column":4},"end":{"line":51,"column":65}},"8":{"start":{"line":52,"column":4},"end":{"line":56,"column":7}},"9":{"start":{"line":69,"column":18},"end":{"line":98,"column":1}},"10":{"start":{"line":70,"column":2},"end":{"line":97,"column":3}},"11":{"start":{"line":72,"column":4},"end":{"line":77,"column":5}},"12":{"start":{"line":73,"column":6},"end":{"line":76,"column":9}},"13":{"start":{"line":80,"column":4},"end":{"line":85,"column":5}},"14":{"start":{"line":81,"column":6},"end":{"line":84,"column":9}},"15":{"start":{"line":88,"column":4},"end":{"line":88,"column":11}},"16":{"start":{"line":91,"column":4},"end":{"line":91,"column":59}},"17":{"start":{"line":92,"column":4},"end":{"line":96,"column":7}},"18":{"start":{"line":114,"column":17},"end":{"line":149,"column":1}},"19":{"start":{"line":117,"column":2},"end":{"line":148,"column":4}},"20":{"start":{"line":118,"column":4},"end":{"line":147,"column":5}},"21":{"start":{"line":120,"column":6},"end":{"line":125,"column":7}},"22":{"start":{"line":121,"column":8},"end":{"line":124,"column":11}},"23":{"start":{"line":129,"column":6},"end":{"line":135,"column":7}},"24":{"start":{"line":130,"column":8},"end":{"line":134,"column":11}},"25":{"start":{"line":138,"column":6},"end":{"line":138,"column":13}},"26":{"start":{"line":141,"column":6},"end":{"line":141,"column":60}},"27":{"start":{"line":142,"column":6},"end":{"line":146,"column":9}},"28":{"start":{"line":160,"column":30},"end":{"line":199,"column":1}},"29":{"start":{"line":161,"column":2},"end":{"line":198,"column":3}},"30":{"start":{"line":163,"column":4},"end":{"line":168,"column":5}},"31":{"start":{"line":164,"column":6},"end":{"line":167,"column":9}},"32":{"start":{"line":171,"column":4},"end":{"line":173,"column":5}},"33":{"start":{"line":172,"column":6},"end":{"line":172,"column":20}},"34":{"start":{"line":177,"column":27},"end":{"line":177,"column":64}},"35":{"start":{"line":181,"column":4},"end":{"line":186,"column":5}},"36":{"start":{"line":182,"column":6},"end":{"line":185,"column":9}},"37":{"start":{"line":189,"column":4},"end":{"line":189,"column":11}},"38":{"start":{"line":192,"column":4},"end":{"line":192,"column":71}},"39":{"start":{"line":193,"column":4},"end":{"line":197,"column":7}},"40":{"start":{"line":210,"column":25},"end":{"line":238,"column":1}},"41":{"start":{"line":211,"column":2},"end":{"line":237,"column":3}},"42":{"start":{"line":213,"column":4},"end":{"line":218,"column":5}},"43":{"start":{"line":214,"column":6},"end":{"line":217,"column":9}},"44":{"start":{"line":221,"column":4},"end":{"line":226,"column":5}},"45":{"start":{"line":222,"column":6},"end":{"line":225,"column":9}},"46":{"start":{"line":229,"column":4},"end":{"line":229,"column":11}},"47":{"start":{"line":231,"column":4},"end":{"line":231,"column":66}},"48":{"start":{"line":232,"column":4},"end":{"line":236,"column":7}},"49":{"start":{"line":250,"column":26},"end":{"line":278,"column":1}},"50":{"start":{"line":251,"column":2},"end":{"line":277,"column":3}},"51":{"start":{"line":253,"column":4},"end":{"line":258,"column":5}},"52":{"start":{"line":254,"column":6},"end":{"line":257,"column":9}},"53":{"start":{"line":261,"column":4},"end":{"line":266,"column":5}},"54":{"start":{"line":262,"column":6},"end":{"line":265,"column":9}},"55":{"start":{"line":269,"column":4},"end":{"line":269,"column":11}},"56":{"start":{"line":271,"column":4},"end":{"line":271,"column":67}},"57":{"start":{"line":272,"column":4},"end":{"line":276,"column":7}},"58":{"start":{"line":281,"column":0},"end":{"line":288,"column":2}}},"fnMap":{"0":{"name":"(anonymous_0)","decl":{"start":{"line":27,"column":24},"end":{"line":27,"column":25}},"loc":{"start":{"line":27,"column":44},"end":{"line":58,"column":1}},"line":27},"1":{"name":"(anonymous_1)","decl":{"start":{"line":69,"column":18},"end":{"line":69,"column":19}},"loc":{"start":{"line":69,"column":38},"end":{"line":98,"column":1}},"line":69},"2":{"name":"(anonymous_2)","decl":{"start":{"line":114,"column":17},"end":{"line":114,"column":18}},"loc":{"start":{"line":114,"column":38},"end":{"line":149,"column":1}},"line":114},"3":{"name":"(anonymous_3)","decl":{"start":{"line":117,"column":9},"end":{"line":117,"column":10}},"loc":{"start":{"line":117,"column":29},"end":{"line":148,"column":3}},"line":117},"4":{"name":"(anonymous_4)","decl":{"start":{"line":160,"column":30},"end":{"line":160,"column":31}},"loc":{"start":{"line":160,"column":50},"end":{"line":199,"column":1}},"line":160},"5":{"name":"(anonymous_5)","decl":{"start":{"line":210,"column":25},"end":{"line":210,"column":26}},"loc":{"start":{"line":210,"column":45},"end":{"line":238,"column":1}},"line":210},"6":{"name":"(anonymous_6)","decl":{"start":{"line":250,"column":26},"end":{"line":250,"column":27}},"loc":{"start":{"line":250,"column":46},"end":{"line":278,"column":1}},"line":250}},"branchMap":{"0":{"loc":{"start":{"line":31,"column":4},"end":{"line":36,"column":5}},"type":"if","locations":[{"start":{"line":31,"column":4},"end":{"line":36,"column":5}},{"start":{},"end":{}}],"line":31},"1":{"loc":{"start":{"line":40,"column":4},"end":{"line":45,"column":5}},"type":"if","locations":[{"start":{"line":40,"column":4},"end":{"line":45,"column":5}},{"start":{},"end":{}}],"line":40},"2":{"loc":{"start":{"line":72,"column":4},"end":{"line":77,"column":5}},"type":"if","locations":[{"start":{"line":72,"column":4},"end":{"line":77,"column":5}},{"start":{},"end":{}}],"line":72},"3":{"loc":{"start":{"line":80,"column":4},"end":{"line":85,"column":5}},"type":"if","locations":[{"start":{"line":80,"column":4},"end":{"line":85,"column":5}},{"start":{},"end":{}}],"line":80},"4":{"loc":{"start":{"line":120,"column":6},"end":{"line":125,"column":7}},"type":"if","locations":[{"start":{"line":120,"column":6},"end":{"line":125,"column":7}},{"start":{},"end":{}}],"line":120},"5":{"loc":{"start":{"line":129,"column":6},"end":{"line":135,"column":7}},"type":"if","locations":[{"start":{"line":129,"column":6},"end":{"line":135,"column":7}},{"start":{},"end":{}}],"line":129},"6":{"loc":{"start":{"line":163,"column":4},"end":{"line":168,"column":5}},"type":"if","locations":[{"start":{"line":163,"column":4},"end":{"line":168,"column":5}},{"start":{},"end":{}}],"line":163},"7":{"loc":{"start":{"line":171,"column":4},"end":{"line":173,"column":5}},"type":"if","locations":[{"start":{"line":171,"column":4},"end":{"line":173,"column":5}},{"start":{},"end":{}}],"line":171},"8":{"loc":{"start":{"line":177,"column":27},"end":{"line":177,"column":64}},"type":"binary-expr","locations":[{"start":{"line":177,"column":27},"end":{"line":177,"column":47}},{"start":{"line":177,"column":51},"end":{"line":177,"column":64}}],"line":177},"9":{"loc":{"start":{"line":181,"column":4},"end":{"line":186,"column":5}},"type":"if","locations":[{"start":{"line":181,"column":4},"end":{"line":186,"column":5}},{"start":{},"end":{}}],"line":181},"10":{"loc":{"start":{"line":213,"column":4},"end":{"line":218,"column":5}},"type":"if","locations":[{"start":{"line":213,"column":4},"end":{"line":218,"column":5}},{"start":{},"end":{}}],"line":213},"11":{"loc":{"start":{"line":221,"column":4},"end":{"line":226,"column":5}},"type":"if","locations":[{"start":{"line":221,"column":4},"end":{"line":226,"column":5}},{"start":{},"end":{}}],"line":221},"12":{"loc":{"start":{"line":253,"column":4},"end":{"line":258,"column":5}},"type":"if","locations":[{"start":{"line":253,"column":4},"end":{"line":258,"column":5}},{"start":{},"end":{}}],"line":253},"13":{"loc":{"start":{"line":261,"column":4},"end":{"line":266,"column":5}},"type":"if","locations":[{"start":{"line":261,"column":4},"end":{"line":266,"column":5}},{"start":{},"end":{}}],"line":261}},"s":{"0":1,"1":0,"2":0,"3":0,"4":0,"5":0,"6":0,"7":0,"8":0,"9":1,"10":0,"11":0,"12":0,"13":0,"14":0,"15":0,"16":0,"17":0,"18":1,"19":0,"20":0,"21":0,"22":0,"23":0,"24":0,"25":0,"26":0,"27":0,"28":1,"29":0,"30":0,"31":0,"32":0,"33":0,"34":0,"35":0,"36":0,"37":0,"38":0,"39":0,"40":1,"41":29,"42":29,"43":0,"44":29,"45":2,"46":27,"47":0,"48":0,"49":1,"50":8,"51":8,"52":0,"53":8,"54":6,"55":2,"56":0,"57":0,"58":1},"f":{"0":0,"1":0,"2":0,"3":0,"4":0,"5":29,"6":8},"b":{"0":[0,0],"1":[0,0],"2":[0,0],"3":[0,0],"4":[0,0],"5":[0,0],"6":[0,0],"7":[0,0],"8":[0,0],"9":[0,0],"10":[0,29],"11":[2,27],"12":[0,8],"13":[6,2]},"_coverageSchema":"1a1c01bbd47fc00a2c39e90264f33305004495a9","hash":"37edee44e41386f81df5139da6e1e2b73cd15ebf"}
,"C:\\Users\\SENA\\Desktop\\Github\\Test-Project\\backend\\routes\\admin.routes.js": {"path":"C:\\Users\\SENA\\Desktop\\Github\\Test-Project\\backend\\routes\\admin.routes.js","statementMap":{"0":{"start":{"line":22,"column":16},"end":{"line":22,"column":34}},"1":{"start":{"line":27,"column":15},"end":{"line":27,"column":31}},"2":{"start":{"line":36,"column":26},"end":{"line":36,"column":55}},"3":{"start":{"line":42,"column":65},"end":{"line":42,"column":99}},"4":{"start":{"line":47,"column":19},"end":{"line":47,"column":46}},"5":{"start":{"line":57,"column":28},"end":{"line":57,"column":74}},"6":{"start":{"line":61,"column":31},"end":{"line":61,"column":80}},"7":{"start":{"line":65,"column":27},"end":{"line":65,"column":72}},"8":{"start":{"line":69,"column":26},"end":{"line":69,"column":70}},"9":{"start":{"line":73,"column":25},"end":{"line":73,"column":68}},"10":{"start":{"line":82,"column":0},"end":{"line":82,"column":44}},"11":{"start":{"line":91,"column":0},"end":{"line":91,"column":61}},"12":{"start":{"line":96,"column":0},"end":{"line":96,"column":68}},"13":{"start":{"line":101,"column":0},"end":{"line":101,"column":82}},"14":{"start":{"line":106,"column":0},"end":{"line":106,"column":63}},"15":{"start":{"line":111,"column":0},"end":{"line":111,"column":71}},"16":{"start":{"line":117,"column":0},"end":{"line":117,"column":76}},"17":{"start":{"line":123,"column":0},"end":{"line":123,"column":91}},"18":{"start":{"line":132,"column":0},"end":{"line":132,"column":70}},"19":{"start":{"line":136,"column":0},"end":{"line":136,"column":77}},"20":{"start":{"line":140,"column":0},"end":{"line":140,"column":91}},"21":{"start":{"line":145,"column":0},"end":{"line":145,"column":72}},"22":{"start":{"line":150,"column":0},"end":{"line":150,"column":80}},"23":{"start":{"line":155,"column":0},"end":{"line":155,"column":85}},"24":{"start":{"line":160,"column":0},"end":{"line":160,"column":100}},"25":{"start":{"line":169,"column":0},"end":{"line":169,"column":58}},"26":{"start":{"line":173,"column":0},"end":{"line":173,"column":65}},"27":{"start":{"line":181,"column":0},"end":{"line":181,"column":85}},"28":{"start":{"line":186,"column":0},"end":{"line":186,"column":93}},"29":{"start":{"line":190,"column":0},"end":{"line":190,"column":73}},"30":{"start":{"line":195,"column":0},"end":{"line":195,"column":73}},"31":{"start":{"line":200,"column":0},"end":{"line":200,"column":88}},"32":{"start":{"line":210,"column":0},"end":{"line":210,"column":73}},"33":{"start":{"line":215,"column":0},"end":{"line":215,"column":55}},"34":{"start":{"line":219,"column":0},"end":{"line":219,"column":62}},"35":{"start":{"line":225,"column":0},"end":{"line":225,"column":76}},"36":{"start":{"line":231,"column":0},"end":{"line":231,"column":84}},"37":{"start":{"line":236,"column":0},"end":{"line":236,"column":89}},"38":{"start":{"line":241,"column":0},"end":{"line":241,"column":85}},"39":{"start":{"line":250,"column":0},"end":{"line":250,"column":77}},"40":{"start":{"line":253,"column":0},"end":{"line":253,"column":72}},"41":{"start":{"line":258,"column":0},"end":{"line":258,"column":55}},"42":{"start":{"line":262,"column":0},"end":{"line":262,"column":59}},"43":{"start":{"line":267,"column":0},"end":{"line":267,"column":75}},"44":{"start":{"line":275,"column":0},"end":{"line":275,"column":24}}},"fnMap":{},"branchMap":{},"s":{"0":1,"1":1,"2":1,"3":1,"4":1,"5":1,"6":1,"7":1,"8":1,"9":1,"10":1,"11":1,"12":1,"13":1,"14":1,"15":1,"16":1,"17":1,"18":1,"19":1,"20":1,"21":1,"22":1,"23":1,"24":1,"25":1,"26":1,"27":1,"28":1,"29":1,"30":1,"31":1,"32":1,"33":1,"34":1,"35":1,"36":1,"37":1,"38":1,"39":1,"40":1,"41":1,"42":1,"43":1,"44":1},"f":{},"b":{},"_coverageSchema":"1a1c01bbd47fc00a2c39e90264f33305004495a9","hash":"81f1c3e28b0852062cbf8fa9d79d050b2921f724"}
,"C:\\Users\\SENA\\Desktop\\Github\\Test-Project\\backend\\routes\\auth.routes.js": {"path":"C:\\Users\\SENA\\Desktop\\Github\\Test-Project\\backend\\routes\\auth.routes.js","statementMap":{"0":{"start":{"line":26,"column":16},"end":{"line":26,"column":34}},"1":{"start":{"line":31,"column":15},"end":{"line":31,"column":31}},"2":{"start":{"line":44,"column":4},"end":{"line":44,"column":45}},"3":{"start":{"line":53,"column":26},"end":{"line":53,"column":55}},"4":{"start":{"line":75,"column":0},"end":{"line":75,"column":35}},"5":{"start":{"line":92,"column":0},"end":{"line":92,"column":29}},"6":{"start":{"line":108,"column":0},"end":{"line":108,"column":40}},"7":{"start":{"line":122,"column":0},"end":{"line":122,"column":43}},"8":{"start":{"line":137,"column":0},"end":{"line":137,"column":62}},"9":{"start":{"line":145,"column":0},"end":{"line":145,"column":24}}},"fnMap":{},"branchMap":{},"s":{"0":1,"1":1,"2":1,"3":1,"4":1,"5":1,"6":1,"7":1,"8":1,"9":1},"f":{},"b":{},"_coverageSchema":"1a1c01bbd47fc00a2c39e90264f33305004495a9","hash":"f48a93c87376e56a24069a7e84ae807584e65089"}
,"C:\\Users\\SENA\\Desktop\\Github\\Test-Project\\backend\\routes\\cliente.routes.js": {"path":"C:\\Users\\SENA\\Desktop\\Github\\Test-Project\\backend\\routes\\cliente.routes.js","statementMap":{"0":{"start":{"line":24,"column":16},"end":{"line":24,"column":34}},"1":{"start":{"line":29,"column":15},"end":{"line":29,"column":31}},"2":{"start":{"line":39,"column":26},"end":{"line":39,"column":55}},"3":{"start":{"line":44,"column":22},"end":{"line":44,"column":56}},"4":{"start":{"line":53,"column":27},"end":{"line":53,"column":72}},"5":{"start":{"line":58,"column":26},"end":{"line":58,"column":70}},"6":{"start":{"line":63,"column":25},"end":{"line":63,"column":68}},"7":{"start":{"line":75,"column":0},"end":{"line":75,"column":67}},"8":{"start":{"line":81,"column":0},"end":{"line":81,"column":74}},"9":{"start":{"line":86,"column":0},"end":{"line":86,"column":69}},"10":{"start":{"line":92,"column":0},"end":{"line":92,"column":102}},"11":{"start":{"line":97,"column":0},"end":{"line":97,"column":78}},"12":{"start":{"line":109,"column":0},"end":{"line":109,"column":76}},"13":{"start":{"line":116,"column":0},"end":{"line":116,"column":83}},"14":{"start":{"line":123,"column":0},"end":{"line":123,"column":91}},"15":{"start":{"line":129,"column":0},"end":{"line":129,"column":92}},"16":{"start":{"line":135,"column":0},"end":{"line":135,"column":82}},"17":{"start":{"line":153,"column":0},"end":{"line":153,"column":77}},"18":{"start":{"line":159,"column":0},"end":{"line":159,"column":78}},"19":{"start":{"line":166,"column":0},"end":{"line":166,"column":82}},"20":{"start":{"line":174,"column":0},"end":{"line":174,"column":92}},"21":{"start":{"line":182,"column":0},"end":{"line":182,"column":24}}},"fnMap":{},"branchMap":{},"s":{"0":1,"1":1,"2":1,"3":1,"4":1,"5":1,"6":1,"7":1,"8":1,"9":1,"10":1,"11":1,"12":1,"13":1,"14":1,"15":1,"16":1,"17":1,"18":1,"19":1,"20":1,"21":1},"f":{},"b":{},"_coverageSchema":"1a1c01bbd47fc00a2c39e90264f33305004495a9","hash":"39bca93a4c3c7e2e18e6ffbc2706ff591939d12b"}
,"C:\\Users\\SENA\\Desktop\\Github\\Test-Project\\backend\\routes\\comentarios.routes.js": {"path":"C:\\Users\\SENA\\Desktop\\Github\\Test-Project\\backend\\routes\\comentarios.routes.js","statementMap":{"0":{"start":{"line":8,"column":16},"end":{"line":8,"column":34}},"1":{"start":{"line":9,"column":15},"end":{"line":9,"column":31}},"2":{"start":{"line":24,"column":4},"end":{"line":24,"column":51}},"3":{"start":{"line":27,"column":26},"end":{"line":27,"column":55}},"4":{"start":{"line":28,"column":46},"end":{"line":28,"column":80}},"5":{"start":{"line":38,"column":0},"end":{"line":38,"column":68}},"6":{"start":{"line":44,"column":0},"end":{"line":44,"column":82}},"7":{"start":{"line":50,"column":0},"end":{"line":50,"column":93}},"8":{"start":{"line":60,"column":0},"end":{"line":60,"column":86}},"9":{"start":{"line":70,"column":0},"end":{"line":70,"column":107}},"10":{"start":{"line":76,"column":0},"end":{"line":76,"column":107}},"11":{"start":{"line":82,"column":0},"end":{"line":82,"column":102}},"12":{"start":{"line":88,"column":0},"end":{"line":88,"column":115}},"13":{"start":{"line":94,"column":0},"end":{"line":94,"column":91}},"14":{"start":{"line":100,"column":0},"end":{"line":100,"column":101}},"15":{"start":{"line":106,"column":0},"end":{"line":106,"column":115}},"16":{"start":{"line":108,"column":0},"end":{"line":108,"column":24}}},"fnMap":{},"branchMap":{},"s":{"0":1,"1":1,"2":1,"3":1,"4":1,"5":1,"6":1,"7":1,"8":1,"9":1,"10":1,"11":1,"12":1,"13":1,"14":1,"15":1,"16":1},"f":{},"b":{},"_coverageSchema":"1a1c01bbd47fc00a2c39e90264f33305004495a9","hash":"c83cd95f011b70214a01bf4b82cf8ab83f58f8e3"}
,"C:\\Users\\SENA\\Desktop\\Github\\Test-Project\\backend\\routes\\facturas.routes.js": {"path":"C:\\Users\\SENA\\Desktop\\Github\\Test-Project\\backend\\routes\\facturas.routes.js","statementMap":{"0":{"start":{"line":10,"column":16},"end":{"line":10,"column":34}},"1":{"start":{"line":11,"column":15},"end":{"line":11,"column":31}},"2":{"start":{"line":14,"column":26},"end":{"line":14,"column":70}},"3":{"start":{"line":17,"column":26},"end":{"line":17,"column":55}},"4":{"start":{"line":18,"column":28},"end":{"line":18,"column":62}},"5":{"start":{"line":31,"column":0},"end":{"line":31,"column":80}},"6":{"start":{"line":37,"column":0},"end":{"line":37,"column":104}},"7":{"start":{"line":44,"column":0},"end":{"line":44,"column":88}},"8":{"start":{"line":50,"column":0},"end":{"line":50,"column":111}},"9":{"start":{"line":63,"column":0},"end":{"line":63,"column":101}},"10":{"start":{"line":69,"column":0},"end":{"line":69,"column":103}},"11":{"start":{"line":76,"column":0},"end":{"line":76,"column":106}},"12":{"start":{"line":78,"column":0},"end":{"line":78,"column":24}}},"fnMap":{},"branchMap":{},"s":{"0":1,"1":1,"2":1,"3":1,"4":1,"5":1,"6":1,"7":1,"8":1,"9":1,"10":1,"11":1,"12":1},"f":{},"b":{},"_coverageSchema":"1a1c01bbd47fc00a2c39e90264f33305004495a9","hash":"38959982b9bbaa1a8e38824b51843cce4fe19f4a"}
}
