TN:
SF:controllers\auth.controller.js
FN:27,(anonymous_0)
FN:138,(anonymous_1)
FN:233,(anonymous_2)
FN:281,(anonymous_3)
FN:365,(anonymous_4)
FNF:5
FNH:3
FNDA:1,(anonymous_0)
FNDA:4,(anonymous_1)
FNDA:1,(anonymous_2)
FNDA:0,(anonymous_3)
FNDA:0,(anonymous_4)
DA:12,1
DA:16,1
DA:27,1
DA:28,1
DA:31,1
DA:35,1
DA:39,0
DA:47,1
DA:49,1
DA:50,0
DA:58,1
DA:59,0
DA:68,1
DA:71,1
DA:72,0
DA:82,1
DA:94,1
DA:102,1
DA:103,1
DA:107,1
DA:119,0
DA:121,0
DA:138,1
DA:139,4
DA:141,4
DA:144,4
DA:145,0
DA:155,4
DA:160,4
DA:164,1
DA:172,3
DA:173,0
DA:183,3
DA:186,3
DA:187,0
DA:194,3
DA:201,3
DA:202,3
DA:205,3
DA:215,0
DA:216,0
DA:233,1
DA:234,1
DA:239,1
DA:246,1
DA:247,0
DA:254,1
DA:262,0
DA:263,0
DA:281,1
DA:282,0
DA:285,0
DA:288,0
DA:290,0
DA:291,0
DA:298,0
DA:299,0
DA:300,0
DA:301,0
DA:306,0
DA:307,0
DA:308,0
DA:313,0
DA:317,0
DA:318,0
DA:319,0
DA:324,0
DA:328,0
DA:329,0
DA:330,0
DA:331,0
DA:334,0
DA:337,0
DA:346,0
DA:347,0
DA:365,1
DA:366,0
DA:368,0
DA:371,0
DA:372,0
DA:379,0
DA:380,0
DA:388,0
DA:390,0
DA:391,0
DA:399,0
DA:401,0
DA:402,0
DA:411,0
DA:412,0
DA:415,0
DA:421,0
DA:422,0
DA:433,1
LF:94
LH:38
BRDA:35,0,0,0
BRDA:35,0,1,1
BRDA:35,1,0,1
BRDA:35,1,1,1
BRDA:35,1,2,1
BRDA:35,1,3,1
BRDA:49,2,0,0
BRDA:49,2,1,1
BRDA:58,3,0,0
BRDA:58,3,1,1
BRDA:71,4,0,0
BRDA:71,4,1,1
BRDA:87,5,0,1
BRDA:87,5,1,0
BRDA:88,6,0,1
BRDA:88,6,1,0
BRDA:144,7,0,0
BRDA:144,7,1,4
BRDA:144,8,0,4
BRDA:144,8,1,4
BRDA:160,9,0,1
BRDA:160,9,1,3
BRDA:172,10,0,0
BRDA:172,10,1,3
BRDA:186,11,0,0
BRDA:186,11,1,3
BRDA:246,12,0,0
BRDA:246,12,1,1
BRDA:290,13,0,0
BRDA:290,13,1,0
BRDA:298,14,0,0
BRDA:298,14,1,0
BRDA:298,15,0,0
BRDA:298,15,1,0
BRDA:300,16,0,0
BRDA:300,16,1,0
BRDA:307,17,0,0
BRDA:307,17,1,0
BRDA:317,18,0,0
BRDA:317,18,1,0
BRDA:317,19,0,0
BRDA:317,19,1,0
BRDA:318,20,0,0
BRDA:318,20,1,0
BRDA:328,21,0,0
BRDA:328,21,1,0
BRDA:329,22,0,0
BRDA:329,22,1,0
BRDA:330,23,0,0
BRDA:330,23,1,0
BRDA:331,24,0,0
BRDA:331,24,1,0
BRDA:371,25,0,0
BRDA:371,25,1,0
BRDA:371,26,0,0
BRDA:371,26,1,0
BRDA:379,27,0,0
BRDA:379,27,1,0
BRDA:390,28,0,0
BRDA:390,28,1,0
BRDA:401,29,0,0
BRDA:401,29,1,0
BRF:62
BRH:18
end_of_record
TN:
SF:controllers\carrito.controller.js
FN:32,(anonymous_0)
FN:71,(anonymous_1)
FN:85,(anonymous_2)
FN:109,(anonymous_3)
FN:251,(anonymous_4)
FN:328,(anonymous_5)
FN:373,(anonymous_6)
FNF:7
FNH:4
FNDA:1,(anonymous_0)
FNDA:1,(anonymous_1)
FNDA:1,(anonymous_2)
FNDA:1,(anonymous_3)
FNDA:0,(anonymous_4)
FNDA:0,(anonymous_5)
FNDA:0,(anonymous_6)
DA:12,1
DA:16,1
DA:20,1
DA:24,1
DA:32,1
DA:33,1
DA:36,1
DA:69,1
DA:71,1
DA:73,1
DA:77,1
DA:85,1
DA:93,0
DA:94,0
DA:109,1
DA:110,1
DA:113,1
DA:116,1
DA:117,0
DA:125,1
DA:126,1
DA:127,0
DA:135,1
DA:138,1
DA:139,0
DA:146,1
DA:147,0
DA:155,1
DA:163,1
DA:165,0
DA:168,0
DA:169,0
DA:176,0
DA:177,0
DA:181,0
DA:190,0
DA:200,1
DA:201,0
DA:209,1
DA:217,1
DA:226,1
DA:235,0
DA:236,0
DA:251,1
DA:252,0
DA:255,0
DA:257,0
DA:260,0
DA:261,0
DA:262,0
DA:270,0
DA:284,0
DA:285,0
DA:292,0
DA:293,0
DA:300,0
DA:301,0
DA:304,0
DA:313,0
DA:314,0
DA:328,1
DA:329,0
DA:331,0
DA:334,0
DA:341,0
DA:342,0
DA:349,0
DA:352,0
DA:358,0
DA:359,0
DA:373,1
DA:374,0
DA:378,0
DA:383,0
DA:392,0
DA:393,0
DA:403,1
LF:77
LH:31
BRDA:113,0,0,0
BRDA:116,1,0,0
BRDA:116,1,1,1
BRDA:126,2,0,0
BRDA:126,2,1,1
BRDA:138,3,0,0
BRDA:138,3,1,1
BRDA:146,4,0,0
BRDA:146,4,1,1
BRDA:163,5,0,0
BRDA:163,5,1,1
BRDA:168,6,0,0
BRDA:168,6,1,0
BRDA:200,7,0,0
BRDA:200,7,1,1
BRDA:261,8,0,0
BRDA:261,8,1,0
BRDA:284,9,0,0
BRDA:284,9,1,0
BRDA:292,10,0,0
BRDA:292,10,1,0
BRDA:341,11,0,0
BRDA:341,11,1,0
BRF:23
BRH:6
end_of_record
TN:
SF:controllers\catalogo.controller.js
FN:36,(anonymous_0)
FN:166,(anonymous_1)
FN:226,(anonymous_2)
FN:242,(anonymous_3)
FN:285,(anonymous_4)
FN:315,(anonymous_5)
FN:360,(anonymous_6)
FNF:7
FNH:6
FNDA:2,(anonymous_0)
FNDA:1,(anonymous_1)
FNDA:1,(anonymous_2)
FNDA:25,(anonymous_3)
FNDA:1,(anonymous_4)
FNDA:4,(anonymous_5)
FNDA:0,(anonymous_6)
DA:12,1
DA:16,1
DA:20,1
DA:36,1
DA:37,2
DA:51,2
DA:55,2
DA:59,2
DA:65,2
DA:66,2
DA:69,2
DA:72,0
DA:79,2
DA:80,0
DA:82,0
DA:84,0
DA:90,2
DA:92,0
DA:93,0
DA:95,0
DA:96,0
DA:98,0
DA:99,0
DA:102,2
DA:103,2
DA:108,2
DA:114,2
DA:136,2
DA:151,0
DA:152,0
DA:166,1
DA:167,1
DA:169,1
DA:173,1
DA:195,1
DA:196,0
DA:203,1
DA:211,0
DA:212,0
DA:226,1
DA:227,1
DA:229,1
DA:232,1
DA:241,1
DA:244,25
DA:254,25
DA:262,1
DA:270,0
DA:271,0
DA:285,1
DA:286,1
DA:288,1
DA:289,1
DA:292,1
DA:296,1
DA:297,0
DA:304,1
DA:314,1
DA:316,4
DA:324,4
DA:332,1
DA:344,0
DA:345,0
DA:360,1
DA:361,0
DA:363,0
DA:364,0
DA:367,0
DA:391,0
DA:399,0
DA:400,0
DA:409,1
LF:72
LH:45
BRDA:48,0,0,2
BRDA:49,1,0,2
BRDA:50,2,0,2
BRDA:65,3,0,0
BRDA:65,3,1,2
BRDA:66,4,0,0
BRDA:66,4,1,2
BRDA:69,5,0,0
BRDA:69,5,1,2
BRDA:79,6,0,0
BRDA:79,6,1,2
BRDA:79,7,0,2
BRDA:79,7,1,2
BRDA:82,8,0,0
BRDA:82,8,1,0
BRDA:84,9,0,0
BRDA:84,9,1,0
BRDA:90,10,0,0
BRDA:90,10,1,0
BRDA:90,10,2,0
BRDA:90,10,3,2
BRDA:90,10,4,2
BRDA:195,11,0,0
BRDA:195,11,1,1
BRDA:296,12,0,0
BRDA:296,12,1,1
BRDA:363,13,0,0
BRF:27
BRH:13
end_of_record
TN:
SF:controllers\categoria.controller.js
FN:32,(anonymous_0)
FN:108,(anonymous_1)
FN:169,(anonymous_2)
FN:221,(anonymous_3)
FN:239,(anonymous_4)
FN:296,(anonymous_5)
FN:316,(anonymous_6)
FN:379,(anonymous_7)
FN:447,(anonymous_8)
FN:492,(anonymous_9)
FNF:10
FNH:5
FNDA:1,(anonymous_0)
FNDA:1,(anonymous_1)
FNDA:3,(anonymous_2)
FNDA:0,(anonymous_3)
FNDA:1,(anonymous_4)
FNDA:0,(anonymous_5)
FNDA:0,(anonymous_6)
FNDA:1,(anonymous_7)
FNDA:0,(anonymous_8)
FNDA:0,(anonymous_9)
DA:12,1
DA:13,1
DA:14,1
DA:18,1
DA:22,1
DA:32,1
DA:33,1
DA:35,1
DA:39,1
DA:44,1
DA:46,1
DA:47,0
DA:50,1
DA:51,0
DA:52,0
DA:56,0
DA:67,1
DA:68,0
DA:72,1
DA:73,0
DA:81,1
DA:84,1
DA:93,0
DA:94,0
DA:108,1
DA:109,1
DA:111,1
DA:115,1
DA:131,1
DA:132,0
DA:139,1
DA:141,1
DA:143,1
DA:146,1
DA:154,0
DA:155,0
DA:169,1
DA:170,3
DA:172,3
DA:175,3
DA:176,0
DA:184,3
DA:189,3
DA:190,0
DA:197,3
DA:204,3
DA:213,0
DA:216,0
DA:217,0
DA:221,0
DA:225,0
DA:239,1
DA:240,1
DA:242,1
DA:243,1
DA:246,1
DA:248,1
DA:249,0
DA:256,1
DA:257,1
DA:261,1
DA:262,0
DA:271,1
DA:272,1
DA:273,1
DA:277,1
DA:280,1
DA:289,0
DA:292,0
DA:293,0
DA:296,0
DA:300,0
DA:316,1
DA:317,0
DA:318,0
DA:321,0
DA:323,0
DA:324,0
DA:331,0
DA:332,0
DA:336,0
DA:339,0
DA:343,0
DA:348,0
DA:362,0
DA:363,0
DA:379,1
DA:380,1
DA:381,1
DA:384,1
DA:386,1
DA:387,0
DA:394,1
DA:399,1
DA:400,0
DA:408,1
DA:413,1
DA:414,0
DA:422,1
DA:425,1
DA:431,0
DA:432,0
DA:447,1
DA:448,0
DA:449,0
DA:452,0
DA:454,0
DA:455,0
DA:462,0
DA:467,0
DA:472,0
DA:477,0
DA:482,0
DA:488,0
DA:489,0
DA:492,0
DA:494,0
DA:495,0
DA:499,0
DA:529,0
DA:530,0
DA:539,1
LF:122
LH:61
BRDA:46,0,0,0
BRDA:46,0,1,1
BRDA:50,1,0,0
BRDA:50,1,1,1
BRDA:50,2,0,1
BRDA:50,2,1,0
BRDA:67,3,0,0
BRDA:67,3,1,1
BRDA:72,4,0,0
BRDA:72,4,1,1
BRDA:131,5,0,0
BRDA:131,5,1,1
BRDA:175,6,0,0
BRDA:175,6,1,3
BRDA:189,7,0,0
BRDA:189,7,1,3
BRDA:199,8,0,3
BRDA:199,8,1,0
BRDA:216,9,0,0
BRDA:216,9,1,0
BRDA:248,10,0,0
BRDA:248,10,1,1
BRDA:256,11,0,1
BRDA:256,11,1,0
BRDA:256,12,0,1
BRDA:256,12,1,1
BRDA:261,13,0,0
BRDA:261,13,1,1
BRDA:271,14,0,1
BRDA:271,14,1,0
BRDA:272,15,0,1
BRDA:272,15,1,0
BRDA:273,16,0,0
BRDA:273,16,1,1
BRDA:292,17,0,0
BRDA:292,17,1,0
BRDA:323,18,0,0
BRDA:323,18,1,0
BRDA:351,19,0,0
BRDA:351,19,1,0
BRDA:386,20,0,0
BRDA:386,20,1,1
BRDA:399,21,0,0
BRDA:399,21,1,1
BRDA:413,22,0,0
BRDA:413,22,1,1
BRDA:454,23,0,0
BRDA:454,23,1,0
BRF:48
BRH:20
end_of_record
TN:
SF:controllers\comentario.controller.js
FN:37,(anonymous_0)
FN:165,(anonymous_1)
FN:210,(anonymous_2)
FN:224,(anonymous_3)
FN:266,(anonymous_4)
FN:310,(anonymous_5)
FN:375,(anonymous_6)
FN:414,(anonymous_7)
FN:492,(anonymous_8)
FN:538,(anonymous_9)
FN:573,(anonymous_10)
FN:600,(anonymous_11)
FN:667,(anonymous_12)
FN:703,(anonymous_13)
FN:715,(anonymous_14)
FN:715,(anonymous_15)
FN:735,(anonymous_16)
FN:747,(anonymous_17)
FN:747,(anonymous_18)
FNF:19
FNH:0
FNDA:0,(anonymous_0)
FNDA:0,(anonymous_1)
FNDA:0,(anonymous_2)
FNDA:0,(anonymous_3)
FNDA:0,(anonymous_4)
FNDA:0,(anonymous_5)
FNDA:0,(anonymous_6)
FNDA:0,(anonymous_7)
FNDA:0,(anonymous_8)
FNDA:0,(anonymous_9)
FNDA:0,(anonymous_10)
FNDA:0,(anonymous_11)
FNDA:0,(anonymous_12)
FNDA:0,(anonymous_13)
FNDA:0,(anonymous_14)
FNDA:0,(anonymous_15)
FNDA:0,(anonymous_16)
FNDA:0,(anonymous_17)
FNDA:0,(anonymous_18)
DA:11,1
DA:12,1
DA:13,1
DA:14,1
DA:15,1
DA:16,1
DA:37,1
DA:38,0
DA:40,0
DA:41,0
DA:44,0
DA:45,0
DA:52,0
DA:53,0
DA:60,0
DA:61,0
DA:62,0
DA:69,0
DA:70,0
DA:71,0
DA:78,0
DA:90,0
DA:91,0
DA:98,0
DA:102,0
DA:103,0
DA:110,0
DA:119,0
DA:133,0
DA:134,0
DA:165,1
DA:166,0
DA:167,0
DA:168,0
DA:169,0
DA:170,0
DA:173,0
DA:174,0
DA:175,0
DA:182,0
DA:201,0
DA:209,0
DA:210,0
DA:213,0
DA:215,0
DA:224,0
DA:243,0
DA:244,0
DA:266,1
DA:267,0
DA:268,0
DA:271,0
DA:272,0
DA:273,0
DA:280,0
DA:283,0
DA:285,0
DA:295,0
DA:296,0
DA:310,1
DA:311,0
DA:312,0
DA:313,0
DA:315,0
DA:316,0
DA:323,0
DA:324,0
DA:325,0
DA:330,0
DA:332,0
DA:333,0
DA:334,0
DA:339,0
DA:342,0
DA:343,0
DA:344,0
DA:350,0
DA:352,0
DA:361,0
DA:362,0
DA:375,1
DA:376,0
DA:377,0
DA:378,0
DA:379,0
DA:380,0
DA:386,0
DA:387,0
DA:389,0
DA:398,0
DA:399,0
DA:414,1
DA:415,0
DA:416,0
DA:417,0
DA:418,0
DA:420,0
DA:421,0
DA:422,0
DA:428,0
DA:429,0
DA:435,0
DA:436,0
DA:442,0
DA:443,0
DA:444,0
DA:445,0
DA:446,0
DA:451,0
DA:454,0
DA:455,0
DA:456,0
DA:461,0
DA:464,0
DA:466,0
DA:477,0
DA:478,0
DA:492,1
DA:493,0
DA:494,0
DA:495,0
DA:497,0
DA:498,0
DA:499,0
DA:505,0
DA:506,0
DA:512,0
DA:514,0
DA:523,0
DA:524,0
DA:538,1
DA:539,0
DA:540,0
DA:542,0
DA:546,0
DA:547,0
DA:553,0
DA:565,0
DA:573,0
DA:585,0
DA:586,0
DA:600,1
DA:601,0
DA:602,0
DA:603,0
DA:604,0
DA:606,0
DA:607,0
DA:608,0
DA:611,0
DA:612,0
DA:615,0
DA:616,0
DA:619,0
DA:620,0
DA:623,0
DA:624,0
DA:625,0
DA:633,0
DA:634,0
DA:635,0
DA:636,0
DA:637,0
DA:638,0
DA:639,0
DA:642,0
DA:662,0
DA:664,0
DA:667,0
DA:690,0
DA:691,0
DA:703,1
DA:704,0
DA:705,0
DA:715,0
DA:717,0
DA:722,0
DA:723,0
DA:735,1
DA:736,0
DA:737,0
DA:747,0
DA:749,0
DA:754,0
DA:755,0
DA:766,1
LF:186
LH:18
BRDA:44,0,0,0
BRDA:44,0,1,0
BRDA:44,1,0,0
BRDA:44,1,1,0
BRDA:44,1,2,0
BRDA:52,2,0,0
BRDA:52,2,1,0
BRDA:52,3,0,0
BRDA:52,3,1,0
BRDA:52,3,2,0
BRDA:61,4,0,0
BRDA:61,4,1,0
BRDA:61,5,0,0
BRDA:61,5,1,0
BRDA:70,6,0,0
BRDA:70,6,1,0
BRDA:90,7,0,0
BRDA:90,7,1,0
BRDA:102,8,0,0
BRDA:102,8,1,0
BRDA:127,9,0,0
BRDA:127,9,1,0
BRDA:168,10,0,0
BRDA:168,10,1,0
BRDA:169,11,0,0
BRDA:169,11,1,0
BRDA:174,12,0,0
BRDA:174,12,1,0
BRDA:209,13,0,0
BRDA:209,13,1,0
BRDA:230,14,0,0
BRDA:230,14,1,0
BRDA:272,15,0,0
BRDA:272,15,1,0
BRDA:315,16,0,0
BRDA:315,16,1,0
BRDA:315,17,0,0
BRDA:315,17,1,0
BRDA:323,18,0,0
BRDA:323,18,1,0
BRDA:324,19,0,0
BRDA:324,19,1,0
BRDA:333,20,0,0
BRDA:333,20,1,0
BRDA:343,21,0,0
BRDA:343,21,1,0
BRDA:354,22,0,0
BRDA:354,22,1,0
BRDA:357,23,0,0
BRDA:357,23,1,0
BRDA:379,24,0,0
BRDA:379,24,1,0
BRDA:391,25,0,0
BRDA:391,25,1,0
BRDA:394,26,0,0
BRDA:394,26,1,0
BRDA:421,27,0,0
BRDA:421,27,1,0
BRDA:428,28,0,0
BRDA:428,28,1,0
BRDA:435,29,0,0
BRDA:435,29,1,0
BRDA:435,30,0,0
BRDA:435,30,1,0
BRDA:443,31,0,0
BRDA:443,31,1,0
BRDA:445,32,0,0
BRDA:445,32,1,0
BRDA:445,33,0,0
BRDA:445,33,1,0
BRDA:454,34,0,0
BRDA:454,34,1,0
BRDA:455,35,0,0
BRDA:455,35,1,0
BRDA:455,36,0,0
BRDA:455,36,1,0
BRDA:455,36,2,0
BRDA:473,37,0,0
BRDA:473,37,1,0
BRDA:498,38,0,0
BRDA:498,38,1,0
BRDA:505,39,0,0
BRDA:505,39,1,0
BRDA:546,40,0,0
BRDA:546,40,1,0
BRDA:576,41,0,0
BRDA:576,41,1,0
BRDA:579,42,0,0
BRDA:579,42,1,0
BRDA:602,43,0,0
BRDA:602,44,0,0
BRDA:603,45,0,0
BRDA:603,45,1,0
BRDA:607,46,0,0
BRDA:607,46,1,0
BRDA:607,47,0,0
BRDA:607,47,1,0
BRDA:607,47,2,0
BRDA:608,48,0,0
BRDA:608,48,1,0
BRDA:608,48,2,0
BRDA:611,49,0,0
BRDA:611,49,1,0
BRDA:611,50,0,0
BRDA:611,50,1,0
BRDA:611,50,2,0
BRDA:615,51,0,0
BRDA:615,51,1,0
BRDA:615,52,0,0
BRDA:615,52,1,0
BRDA:615,52,2,0
BRDA:619,53,0,0
BRDA:619,53,1,0
BRDA:619,54,0,0
BRDA:619,54,1,0
BRDA:619,54,2,0
BRDA:623,55,0,0
BRDA:623,55,1,0
BRDA:634,56,0,0
BRDA:634,56,1,0
BRDA:634,57,0,0
BRDA:634,57,1,0
BRDA:636,58,0,0
BRDA:636,58,1,0
BRDA:638,59,0,0
BRDA:638,59,1,0
BRDA:670,60,0,0
BRDA:670,60,1,0
BRDA:671,61,0,0
BRDA:671,61,1,0
BRDA:673,62,0,0
BRDA:673,62,1,0
BRDA:674,63,0,0
BRDA:674,63,1,0
BRDA:677,64,0,0
BRDA:677,64,1,0
BRF:136
BRH:0
end_of_record
TN:
SF:controllers\factura.controller.js
FN:23,(anonymous_0)
FN:84,(anonymous_1)
FN:162,(anonymous_2)
FN:222,(anonymous_3)
FN:286,(anonymous_4)
FN:315,(anonymous_5)
FN:341,(anonymous_6)
FN:382,(anonymous_7)
FN:414,(anonymous_8)
FN:441,(anonymous_9)
FNF:10
FNH:0
FNDA:0,(anonymous_0)
FNDA:0,(anonymous_1)
FNDA:0,(anonymous_2)
FNDA:0,(anonymous_3)
FNDA:0,(anonymous_4)
FNDA:0,(anonymous_5)
FNDA:0,(anonymous_6)
FNDA:0,(anonymous_7)
FNDA:0,(anonymous_8)
FNDA:0,(anonymous_9)
DA:15,1
DA:16,1
DA:23,1
DA:24,0
DA:25,0
DA:26,0
DA:29,0
DA:30,0
DA:37,0
DA:50,0
DA:51,0
DA:58,0
DA:59,0
DA:66,0
DA:67,0
DA:68,0
DA:75,0
DA:79,0
DA:80,0
DA:81,0
DA:84,0
DA:93,0
DA:94,0
DA:97,0
DA:115,0
DA:116,0
DA:119,0
DA:121,0
DA:133,0
DA:135,0
DA:149,0
DA:150,0
DA:162,1
DA:163,0
DA:164,0
DA:165,0
DA:168,0
DA:172,0
DA:173,0
DA:180,0
DA:184,0
DA:185,0
DA:191,0
DA:209,0
DA:210,0
DA:222,1
DA:223,0
DA:224,0
DA:225,0
DA:228,0
DA:239,0
DA:240,0
DA:246,0
DA:247,0
DA:254,0
DA:257,0
DA:260,0
DA:261,0
DA:262,0
DA:265,0
DA:267,0
DA:268,0
DA:274,0
DA:286,1
DA:287,0
DA:288,0
DA:289,0
DA:291,0
DA:293,0
DA:308,0
DA:315,0
DA:328,0
DA:329,0
DA:341,1
DA:342,0
DA:343,0
DA:345,0
DA:356,0
DA:357,0
DA:363,0
DA:369,0
DA:370,0
DA:382,1
DA:383,0
DA:384,0
DA:385,0
DA:387,0
DA:388,0
DA:389,0
DA:392,0
DA:407,0
DA:414,0
DA:428,0
DA:429,0
DA:441,1
DA:442,0
DA:443,0
DA:444,0
DA:446,0
DA:448,0
DA:449,0
DA:455,0
DA:456,0
DA:463,0
DA:468,0
DA:479,0
DA:480,0
DA:488,1
LF:108
LH:10
BRDA:29,0,0,0
BRDA:29,0,1,0
BRDA:50,1,0,0
BRDA:50,1,1,0
BRDA:58,2,0,0
BRDA:58,2,1,0
BRDA:67,3,0,0
BRDA:67,3,1,0
BRDA:79,4,0,0
BRDA:79,4,1,0
BRDA:102,5,0,0
BRDA:102,5,1,0
BRDA:172,6,0,0
BRDA:172,6,1,0
BRDA:184,7,0,0
BRDA:184,7,1,0
BRDA:239,8,0,0
BRDA:239,8,1,0
BRDA:246,9,0,0
BRDA:246,9,1,0
BRDA:267,10,0,0
BRDA:267,10,1,0
BRDA:289,11,0,0
BRDA:289,12,0,0
BRDA:356,13,0,0
BRDA:356,13,1,0
BRDA:384,14,0,0
BRDA:384,15,0,0
BRDA:388,16,0,0
BRDA:388,16,1,0
BRDA:448,17,0,0
BRDA:448,17,1,0
BRDA:455,18,0,0
BRDA:455,18,1,0
BRDA:465,19,0,0
BRDA:465,19,1,0
BRF:36
BRH:0
end_of_record
TN:
SF:controllers\pedido.controller.js
FN:51,(anonymous_0)
FN:243,(anonymous_1)
FN:306,(anonymous_2)
FN:384,(anonymous_3)
FN:468,(anonymous_4)
FN:563,(anonymous_5)
FN:628,(anonymous_6)
FN:679,(anonymous_7)
FN:703,(anonymous_8)
FNF:9
FNH:5
FNDA:1,(anonymous_0)
FNDA:1,(anonymous_1)
FNDA:2,(anonymous_2)
FNDA:0,(anonymous_3)
FNDA:1,(anonymous_4)
FNDA:0,(anonymous_5)
FNDA:0,(anonymous_6)
FNDA:0,(anonymous_7)
FNDA:1,(anonymous_8)
DA:12,1
DA:16,1
DA:20,1
DA:24,1
DA:28,1
DA:31,1
DA:34,1
DA:51,1
DA:54,1
DA:56,1
DA:58,1
DA:61,1
DA:64,1
DA:65,0
DA:66,0
DA:73,1
DA:74,0
DA:75,0
DA:82,1
DA:84,1
DA:85,0
DA:86,0
DA:95,1
DA:106,1
DA:107,0
DA:108,0
DA:116,1
DA:117,1
DA:120,1
DA:121,1
DA:124,1
DA:125,0
DA:126,0
DA:130,1
DA:131,0
DA:134,0
DA:138,1
DA:142,1
DA:143,0
DA:144,0
DA:152,1
DA:163,1
DA:165,1
DA:166,1
DA:169,1
DA:177,1
DA:180,1
DA:181,1
DA:186,1
DA:193,1
DA:197,1
DA:217,1
DA:227,0
DA:228,0
DA:229,0
DA:243,1
DA:244,1
DA:246,1
DA:249,1
DA:251,1
DA:254,1
DA:258,1
DA:277,1
DA:291,0
DA:292,0
DA:306,1
DA:307,2
DA:308,2
DA:311,2
DA:313,2
DA:314,1
DA:318,2
DA:351,2
DA:352,0
DA:359,2
DA:367,0
DA:368,0
DA:384,1
DA:386,0
DA:387,0
DA:389,0
DA:390,0
DA:394,0
DA:410,0
DA:411,0
DA:412,0
DA:419,0
DA:420,0
DA:421,0
DA:428,0
DA:429,0
DA:430,0
DA:431,0
DA:435,0
DA:436,0
DA:439,0
DA:442,0
DA:451,0
DA:452,0
DA:453,0
DA:468,1
DA:469,1
DA:471,1
DA:474,1
DA:475,1
DA:476,1
DA:479,1
DA:480,0
DA:481,0
DA:483,0
DA:484,0
DA:486,0
DA:487,0
DA:494,0
DA:495,0
DA:498,0
DA:501,0
DA:505,1
DA:508,1
DA:533,1
DA:547,0
DA:548,0
DA:563,1
DA:564,0
DA:565,0
DA:566,0
DA:569,0
DA:570,0
DA:571,0
DA:579,0
DA:581,0
DA:582,0
DA:589,0
DA:590,0
DA:593,0
DA:604,0
DA:613,0
DA:614,0
DA:628,1
DA:629,0
DA:634,0
DA:637,0
DA:641,0
DA:651,0
DA:659,0
DA:660,0
DA:664,0
DA:671,0
DA:679,0
DA:689,0
DA:690,0
DA:703,1
DA:704,1
DA:705,1
DA:719,1
DA:726,0
DA:727,0
DA:736,1
LF:158
LH:73
BRDA:61,0,0,1
BRDA:64,1,0,0
BRDA:64,1,1,1
BRDA:64,2,0,1
BRDA:64,2,1,1
BRDA:73,3,0,0
BRDA:73,3,1,1
BRDA:73,4,0,1
BRDA:73,4,1,1
BRDA:84,5,0,0
BRDA:84,5,1,1
BRDA:106,6,0,0
BRDA:106,6,1,1
BRDA:124,7,0,0
BRDA:124,7,1,1
BRDA:130,8,0,0
BRDA:130,8,1,1
BRDA:142,9,0,0
BRDA:142,9,1,1
BRDA:246,10,0,1
BRDA:246,11,0,1
BRDA:251,12,0,0
BRDA:251,12,1,1
BRDA:313,13,0,1
BRDA:313,13,1,1
BRDA:351,14,0,0
BRDA:351,14,1,2
BRDA:410,15,0,0
BRDA:410,15,1,0
BRDA:419,16,0,0
BRDA:419,16,1,0
BRDA:471,17,0,1
BRDA:471,18,0,1
BRDA:475,19,0,0
BRDA:475,19,1,1
BRDA:476,20,0,0
BRDA:476,20,1,1
BRDA:479,21,0,0
BRDA:479,21,1,1
BRDA:483,22,0,0
BRDA:483,22,1,0
BRDA:494,23,0,0
BRDA:494,23,1,0
BRDA:570,24,0,0
BRDA:570,24,1,0
BRDA:581,25,0,0
BRDA:581,25,1,0
BRDA:677,26,0,0
BRDA:677,26,1,0
BRDA:683,27,0,0
BRDA:683,27,1,0
BRF:51
BRH:23
end_of_record
TN:
SF:controllers\producto.controller.js
FN:39,(anonymous_0)
FN:127,(anonymous_1)
FN:183,(anonymous_2)
FN:292,(anonymous_3)
FN:312,(anonymous_4)
FN:425,(anonymous_5)
FN:443,(anonymous_6)
FN:487,(anonymous_7)
FN:529,(anonymous_8)
FNF:9
FNH:4
FNDA:1,(anonymous_0)
FNDA:1,(anonymous_1)
FNDA:1,(anonymous_2)
FNDA:0,(anonymous_3)
FNDA:1,(anonymous_4)
FNDA:0,(anonymous_5)
FNDA:0,(anonymous_6)
FNDA:0,(anonymous_7)
FNDA:0,(anonymous_8)
DA:12,1
DA:15,1
DA:18,1
DA:22,1
DA:26,1
DA:39,1
DA:40,1
DA:50,1
DA:53,1
DA:54,1
DA:55,1
DA:56,1
DA:58,1
DA:61,1
DA:62,0
DA:65,0
DA:72,1
DA:75,1
DA:95,1
DA:98,1
DA:112,0
DA:113,0
DA:127,1
DA:128,1
DA:129,1
DA:133,1
DA:149,1
DA:150,0
DA:157,1
DA:165,0
DA:166,0
DA:183,1
DA:184,1
DA:187,1
DA:190,1
DA:191,0
DA:198,1
DA:199,1
DA:200,0
DA:205,1
DA:206,0
DA:213,1
DA:214,1
DA:215,0
DA:220,1
DA:221,0
DA:227,1
DA:228,1
DA:235,0
DA:236,0
DA:242,0
DA:243,0
DA:250,0
DA:251,0
DA:254,0
DA:267,0
DA:275,0
DA:284,0
DA:288,0
DA:289,0
DA:292,0
DA:296,0
DA:312,1
DA:313,1
DA:314,1
DA:315,1
DA:318,1
DA:320,1
DA:321,0
DA:328,1
DA:329,0
DA:330,0
DA:331,0
DA:340,1
DA:341,0
DA:342,0
DA:343,0
DA:350,0
DA:351,0
DA:352,0
DA:360,1
DA:361,0
DA:366,1
DA:367,0
DA:374,1
DA:376,0
DA:377,0
DA:378,0
DA:379,0
DA:381,0
DA:384,0
DA:385,0
DA:389,1
DA:390,1
DA:391,1
DA:392,1
DA:393,1
DA:394,1
DA:395,1
DA:398,1
DA:401,1
DA:409,1
DA:418,0
DA:421,0
DA:422,0
DA:425,0
DA:429,0
DA:443,1
DA:444,0
DA:445,0
DA:448,0
DA:450,0
DA:451,0
DA:458,0
DA:459,0
DA:462,0
DA:471,0
DA:472,0
DA:487,1
DA:488,0
DA:489,0
DA:491,0
DA:493,0
DA:494,0
DA:502,0
DA:504,0
DA:510,0
DA:511,0
DA:529,1
DA:530,0
DA:531,0
DA:532,0
DA:535,0
DA:536,0
DA:543,0
DA:544,0
DA:545,0
DA:552,0
DA:554,0
DA:555,0
DA:564,0
DA:567,0
DA:568,0
DA:571,0
DA:572,0
DA:578,0
DA:579,0
DA:582,0
DA:583,0
DA:586,0
DA:593,0
DA:594,0
DA:597,0
DA:611,0
DA:612,0
DA:621,1
LF:156
LH:61
BRDA:48,0,0,1
BRDA:49,1,0,1
BRDA:54,2,0,0
BRDA:54,2,1,1
BRDA:55,3,0,0
BRDA:55,3,1,1
BRDA:56,4,0,0
BRDA:56,4,1,1
BRDA:58,5,0,0
BRDA:58,5,1,1
BRDA:61,6,0,0
BRDA:61,6,1,1
BRDA:149,7,0,0
BRDA:149,7,1,1
BRDA:190,8,0,0
BRDA:190,8,1,1
BRDA:190,9,0,1
BRDA:190,9,1,1
BRDA:190,9,2,1
BRDA:190,9,3,1
BRDA:199,10,0,0
BRDA:199,10,1,1
BRDA:205,11,0,0
BRDA:205,11,1,1
BRDA:214,12,0,0
BRDA:214,12,1,1
BRDA:220,13,0,0
BRDA:220,13,1,1
BRDA:227,14,0,1
BRDA:227,14,1,0
BRDA:235,15,0,0
BRDA:235,15,1,0
BRDA:242,16,0,0
BRDA:242,16,1,0
BRDA:250,17,0,0
BRDA:250,17,1,0
BRDA:251,18,0,0
BRDA:251,18,1,0
BRDA:256,19,0,0
BRDA:256,19,1,0
BRDA:258,20,0,0
BRDA:258,20,1,0
BRDA:288,21,0,0
BRDA:288,21,1,0
BRDA:320,22,0,0
BRDA:320,22,1,1
BRDA:328,23,0,0
BRDA:328,23,1,1
BRDA:328,24,0,1
BRDA:328,24,1,0
BRDA:330,25,0,0
BRDA:330,25,1,0
BRDA:330,26,0,0
BRDA:330,26,1,0
BRDA:340,27,0,0
BRDA:340,27,1,1
BRDA:340,28,0,1
BRDA:340,28,1,0
BRDA:342,29,0,0
BRDA:342,29,1,0
BRDA:342,30,0,0
BRDA:342,30,1,0
BRDA:350,31,0,0
BRDA:350,31,1,0
BRDA:351,32,0,0
BRDA:351,32,1,0
BRDA:360,33,0,0
BRDA:360,33,1,1
BRDA:360,34,0,1
BRDA:360,34,1,1
BRDA:366,35,0,0
BRDA:366,35,1,1
BRDA:366,36,0,1
BRDA:366,36,1,0
BRDA:374,37,0,0
BRDA:374,37,1,1
BRDA:376,38,0,0
BRDA:376,38,1,0
BRDA:376,39,0,0
BRDA:376,39,1,0
BRDA:376,39,2,0
BRDA:389,40,0,1
BRDA:389,40,1,0
BRDA:390,41,0,0
BRDA:390,41,1,1
BRDA:391,42,0,1
BRDA:391,42,1,0
BRDA:392,43,0,0
BRDA:392,43,1,1
BRDA:393,44,0,0
BRDA:393,44,1,1
BRDA:394,45,0,0
BRDA:394,45,1,1
BRDA:395,46,0,0
BRDA:395,46,1,1
BRDA:421,47,0,0
BRDA:421,47,1,0
BRDA:450,48,0,0
BRDA:450,48,1,0
BRDA:464,49,0,0
BRDA:464,49,1,0
BRDA:493,50,0,0
BRDA:493,50,1,0
BRDA:535,51,0,0
BRDA:535,51,1,0
BRDA:535,52,0,0
BRDA:535,52,1,0
BRDA:544,53,0,0
BRDA:544,53,1,0
BRDA:554,54,0,0
BRDA:554,54,1,0
BRDA:564,55,0,0
BRDA:564,55,1,0
BRDA:564,55,2,0
BRDA:564,55,3,0
BRDA:571,56,0,0
BRDA:571,56,1,0
BRDA:600,57,0,0
BRDA:600,57,1,0
BRDA:600,58,0,0
BRDA:600,58,1,0
BRDA:605,59,0,0
BRDA:605,59,1,0
BRDA:605,60,0,0
BRDA:605,60,1,0
BRF:125
BRH:36
end_of_record
TN:
SF:controllers\subcategoria.controller.js
FN:30,(anonymous_0)
FN:108,(anonymous_1)
FN:166,(anonymous_2)
FN:244,(anonymous_3)
FN:262,(anonymous_4)
FN:350,(anonymous_5)
FN:370,(anonymous_6)
FN:421,(anonymous_7)
FN:472,(anonymous_8)
FN:513,(anonymous_9)
FNF:10
FNH:3
FNDA:2,(anonymous_0)
FNDA:0,(anonymous_1)
FNDA:2,(anonymous_2)
FNDA:0,(anonymous_3)
FNDA:0,(anonymous_4)
FNDA:0,(anonymous_5)
FNDA:0,(anonymous_6)
FNDA:1,(anonymous_7)
FNDA:0,(anonymous_8)
FNDA:0,(anonymous_9)
DA:11,1
DA:15,1
DA:19,1
DA:30,1
DA:31,2
DA:33,2
DA:36,2
DA:41,2
DA:42,2
DA:43,2
DA:45,2
DA:46,1
DA:47,1
DA:48,1
DA:53,1
DA:54,1
DA:67,2
DA:68,0
DA:72,2
DA:73,0
DA:81,2
DA:84,2
DA:93,0
DA:94,0
DA:108,1
DA:109,0
DA:110,0
DA:114,0
DA:129,0
DA:130,0
DA:137,0
DA:138,0
DA:140,0
DA:143,0
DA:151,0
DA:152,0
DA:166,1
DA:167,2
DA:169,2
DA:172,2
DA:173,0
DA:180,2
DA:182,2
DA:183,0
DA:190,2
DA:191,0
DA:199,2
DA:203,2
DA:204,0
DA:211,2
DA:219,2
DA:228,2
DA:237,0
DA:240,0
DA:241,0
DA:244,0
DA:248,0
DA:262,1
DA:263,0
DA:264,0
DA:265,0
DA:268,0
DA:270,0
DA:271,0
DA:278,0
DA:279,0
DA:281,0
DA:282,0
DA:288,0
DA:289,0
DA:298,0
DA:299,0
DA:301,0
DA:308,0
DA:309,0
DA:317,0
DA:318,0
DA:319,0
DA:320,0
DA:323,0
DA:326,0
DA:335,0
DA:344,0
DA:346,0
DA:347,0
DA:350,0
DA:354,0
DA:370,1
DA:371,0
DA:372,0
DA:374,0
DA:376,0
DA:377,0
DA:384,0
DA:385,0
DA:388,0
DA:391,0
DA:396,0
DA:406,0
DA:407,0
DA:421,1
DA:422,1
DA:423,1
DA:425,1
DA:427,1
DA:428,0
DA:435,1
DA:440,1
DA:441,0
DA:449,1
DA:451,1
DA:457,0
DA:458,0
DA:472,1
DA:473,0
DA:474,0
DA:477,0
DA:485,0
DA:486,0
DA:493,0
DA:498,0
DA:503,0
DA:509,0
DA:510,0
DA:513,0
DA:514,0
DA:515,0
DA:519,0
DA:544,0
DA:545,0
DA:554,1
LF:131
LH:46
BRDA:42,0,0,0
BRDA:42,0,1,2
BRDA:43,1,0,0
BRDA:43,1,1,2
BRDA:45,2,0,1
BRDA:45,2,1,1
BRDA:45,3,0,2
BRDA:45,3,1,1
BRDA:67,4,0,0
BRDA:67,4,1,2
BRDA:72,5,0,0
BRDA:72,5,1,2
BRDA:129,6,0,0
BRDA:129,6,1,0
BRDA:172,7,0,0
BRDA:172,7,1,2
BRDA:172,8,0,2
BRDA:172,8,1,2
BRDA:182,9,0,0
BRDA:182,9,1,2
BRDA:190,10,0,0
BRDA:190,10,1,2
BRDA:203,11,0,0
BRDA:203,11,1,2
BRDA:213,12,0,2
BRDA:213,12,1,0
BRDA:240,13,0,0
BRDA:240,13,1,0
BRDA:270,14,0,0
BRDA:270,14,1,0
BRDA:278,15,0,0
BRDA:278,15,1,0
BRDA:278,16,0,0
BRDA:278,16,1,0
BRDA:281,17,0,0
BRDA:281,17,1,0
BRDA:288,18,0,0
BRDA:288,18,1,0
BRDA:298,19,0,0
BRDA:298,19,1,0
BRDA:298,20,0,0
BRDA:298,20,1,0
BRDA:299,21,0,0
BRDA:299,21,1,0
BRDA:308,22,0,0
BRDA:308,22,1,0
BRDA:317,23,0,0
BRDA:317,23,1,0
BRDA:318,24,0,0
BRDA:318,24,1,0
BRDA:319,25,0,0
BRDA:319,25,1,0
BRDA:320,26,0,0
BRDA:320,26,1,0
BRDA:346,27,0,0
BRDA:346,27,1,0
BRDA:376,28,0,0
BRDA:376,28,1,0
BRDA:398,29,0,0
BRDA:398,29,1,0
BRDA:427,30,0,0
BRDA:427,30,1,1
BRDA:440,31,0,0
BRDA:440,31,1,1
BRDA:485,32,0,0
BRDA:485,32,1,0
BRF:66
BRH:17
end_of_record
TN:
SF:controllers\usuario.controller.js
FN:24,(anonymous_0)
FN:88,(anonymous_1)
FN:128,(anonymous_2)
FN:189,(anonymous_3)
FN:208,(anonymous_4)
FN:299,(anonymous_5)
FN:349,(anonymous_6)
FN:394,(anonymous_7)
FNF:8
FNH:2
FNDA:1,(anonymous_0)
FNDA:1,(anonymous_1)
FNDA:0,(anonymous_2)
FNDA:0,(anonymous_3)
FNDA:0,(anonymous_4)
FNDA:0,(anonymous_5)
FNDA:0,(anonymous_6)
FNDA:0,(anonymous_7)
DA:12,1
DA:24,1
DA:25,1
DA:27,1
DA:30,1
DA:31,1
DA:32,1
DA:35,1
DA:36,0
DA:39,0
DA:47,1
DA:51,1
DA:60,1
DA:74,0
DA:75,0
DA:88,1
DA:89,1
DA:90,1
DA:93,1
DA:97,1
DA:98,0
DA:104,1
DA:112,0
DA:113,0
DA:128,1
DA:129,0
DA:131,0
DA:134,0
DA:135,0
DA:142,0
DA:143,0
DA:150,0
DA:151,0
DA:152,0
DA:160,0
DA:173,0
DA:182,0
DA:185,0
DA:186,0
DA:189,0
DA:193,0
DA:208,1
DA:209,0
DA:210,0
DA:211,0
DA:214,0
DA:216,0
DA:217,0
DA:224,0
DA:225,0
DA:232,0
DA:233,0
DA:234,0
DA:235,0
DA:240,0
DA:241,0
DA:242,0
DA:247,0
DA:248,0
DA:254,0
DA:255,0
DA:260,0
DA:264,0
DA:265,0
DA:266,0
DA:267,0
DA:268,0
DA:271,0
DA:274,0
DA:283,0
DA:284,0
DA:299,1
DA:300,0
DA:301,0
DA:303,0
DA:305,0
DA:306,0
DA:314,0
DA:315,0
DA:322,0
DA:323,0
DA:325,0
DA:334,0
DA:335,0
DA:349,1
DA:350,0
DA:351,0
DA:353,0
DA:355,0
DA:356,0
DA:363,0
DA:364,0
DA:371,0
DA:373,0
DA:379,0
DA:380,0
DA:394,1
DA:395,0
DA:397,0
DA:399,0
DA:401,0
DA:403,0
DA:405,0
DA:408,0
DA:424,0
DA:425,0
DA:434,1
LF:107
LH:23
BRDA:27,0,0,1
BRDA:27,1,0,1
BRDA:31,2,0,0
BRDA:31,2,1,1
BRDA:32,3,0,0
BRDA:32,3,1,1
BRDA:35,4,0,0
BRDA:35,4,1,1
BRDA:97,5,0,0
BRDA:97,5,1,1
BRDA:134,6,0,0
BRDA:134,6,1,0
BRDA:134,7,0,0
BRDA:134,7,1,0
BRDA:134,7,2,0
BRDA:134,7,3,0
BRDA:134,7,4,0
BRDA:142,8,0,0
BRDA:142,8,1,0
BRDA:151,9,0,0
BRDA:151,9,1,0
BRDA:166,10,0,0
BRDA:166,10,1,0
BRDA:167,11,0,0
BRDA:167,11,1,0
BRDA:185,12,0,0
BRDA:185,12,1,0
BRDA:216,13,0,0
BRDA:216,13,1,0
BRDA:224,14,0,0
BRDA:224,14,1,0
BRDA:224,15,0,0
BRDA:224,15,1,0
BRDA:232,16,0,0
BRDA:232,16,1,0
BRDA:234,17,0,0
BRDA:234,17,1,0
BRDA:241,18,0,0
BRDA:241,18,1,0
BRDA:254,19,0,0
BRDA:254,19,1,0
BRDA:264,20,0,0
BRDA:264,20,1,0
BRDA:265,21,0,0
BRDA:265,21,1,0
BRDA:266,22,0,0
BRDA:266,22,1,0
BRDA:267,23,0,0
BRDA:267,23,1,0
BRDA:268,24,0,0
BRDA:268,24,1,0
BRDA:305,25,0,0
BRDA:305,25,1,0
BRDA:314,26,0,0
BRDA:314,26,1,0
BRDA:327,27,0,0
BRDA:327,27,1,0
BRDA:355,28,0,0
BRDA:355,28,1,0
BRDA:363,29,0,0
BRDA:363,29,1,0
BRF:61
BRH:6
end_of_record
TN:
SF:middleware\auth.js
FN:36,(anonymous_0)
FN:134,(anonymous_1)
FNF:2
FNH:1
FNDA:36,(anonymous_0)
FNDA:0,(anonymous_1)
DA:14,1
DA:18,1
DA:36,1
DA:37,36
DA:40,36
DA:43,36
DA:44,1
DA:52,35
DA:55,35
DA:56,0
DA:67,35
DA:68,35
DA:70,0
DA:79,35
DA:84,35
DA:85,0
DA:93,35
DA:94,0
DA:103,35
DA:107,35
DA:111,0
DA:112,0
DA:134,1
DA:135,0
DA:137,0
DA:140,0
DA:141,0
DA:142,0
DA:146,0
DA:149,0
DA:150,0
DA:151,0
DA:154,0
DA:156,0
DA:159,0
DA:164,0
DA:165,0
DA:167,0
DA:171,0
DA:175,0
DA:179,0
DA:180,0
DA:181,0
DA:188,1
LF:44
LH:18
BRDA:43,0,0,1
BRDA:43,0,1,35
BRDA:55,1,0,0
BRDA:55,1,1,35
BRDA:84,2,0,0
BRDA:84,2,1,35
BRDA:93,3,0,0
BRDA:93,3,1,35
BRDA:140,4,0,0
BRDA:140,4,1,0
BRDA:149,5,0,0
BRDA:149,5,1,0
BRDA:164,6,0,0
BRDA:164,6,1,0
BRDA:164,7,0,0
BRDA:164,7,1,0
BRF:16
BRH:5
end_of_record
TN:
SF:middleware\checkRole.js
FN:27,(anonymous_0)
FN:69,(anonymous_1)
FN:114,(anonymous_2)
FN:117,(anonymous_3)
FN:160,(anonymous_4)
FN:210,(anonymous_5)
FN:250,(anonymous_6)
FNF:7
FNH:2
FNDA:0,(anonymous_0)
FNDA:0,(anonymous_1)
FNDA:0,(anonymous_2)
FNDA:0,(anonymous_3)
FNDA:0,(anonymous_4)
FNDA:29,(anonymous_5)
FNDA:8,(anonymous_6)
DA:27,1
DA:28,0
DA:31,0
DA:32,0
DA:40,0
DA:41,0
DA:48,0
DA:51,0
DA:52,0
DA:69,1
DA:70,0
DA:72,0
DA:73,0
DA:80,0
DA:81,0
DA:88,0
DA:91,0
DA:92,0
DA:114,1
DA:117,0
DA:118,0
DA:120,0
DA:121,0
DA:129,0
DA:130,0
DA:138,0
DA:141,0
DA:142,0
DA:160,1
DA:161,0
DA:163,0
DA:164,0
DA:171,0
DA:172,0
DA:177,0
DA:181,0
DA:182,0
DA:189,0
DA:192,0
DA:193,0
DA:210,1
DA:211,29
DA:213,29
DA:214,0
DA:221,29
DA:222,2
DA:229,27
DA:231,0
DA:232,0
DA:250,1
DA:251,8
DA:253,8
DA:254,0
DA:261,8
DA:262,6
DA:269,2
DA:271,0
DA:272,0
DA:281,1
LF:59
LH:17
BRDA:31,0,0,0
BRDA:31,0,1,0
BRDA:40,1,0,0
BRDA:40,1,1,0
BRDA:72,2,0,0
BRDA:72,2,1,0
BRDA:80,3,0,0
BRDA:80,3,1,0
BRDA:120,4,0,0
BRDA:120,4,1,0
BRDA:129,5,0,0
BRDA:129,5,1,0
BRDA:163,6,0,0
BRDA:163,6,1,0
BRDA:171,7,0,0
BRDA:171,7,1,0
BRDA:177,8,0,0
BRDA:177,8,1,0
BRDA:181,9,0,0
BRDA:181,9,1,0
BRDA:213,10,0,0
BRDA:213,10,1,29
BRDA:221,11,0,2
BRDA:221,11,1,27
BRDA:253,12,0,0
BRDA:253,12,1,8
BRDA:261,13,0,6
BRDA:261,13,1,2
BRF:28
BRH:6
end_of_record
TN:
SF:routes\admin.routes.js
FNF:0
FNH:0
DA:22,1
DA:27,1
DA:36,1
DA:42,1
DA:47,1
DA:57,1
DA:61,1
DA:65,1
DA:69,1
DA:73,1
DA:82,1
DA:91,1
DA:96,1
DA:101,1
DA:106,1
DA:111,1
DA:117,1
DA:123,1
DA:132,1
DA:136,1
DA:140,1
DA:145,1
DA:150,1
DA:155,1
DA:160,1
DA:169,1
DA:173,1
DA:181,1
DA:186,1
DA:190,1
DA:195,1
DA:200,1
DA:210,1
DA:215,1
DA:219,1
DA:225,1
DA:231,1
DA:236,1
DA:241,1
DA:250,1
DA:253,1
DA:258,1
DA:262,1
DA:267,1
DA:275,1
LF:45
LH:45
BRF:0
BRH:0
end_of_record
TN:
SF:routes\auth.routes.js
FNF:0
FNH:0
DA:26,1
DA:31,1
DA:44,1
DA:53,1
DA:75,1
DA:92,1
DA:108,1
DA:122,1
DA:137,1
DA:145,1
LF:10
LH:10
BRF:0
BRH:0
end_of_record
TN:
SF:routes\cliente.routes.js
FNF:0
FNH:0
DA:24,1
DA:29,1
DA:39,1
DA:44,1
DA:53,1
DA:58,1
DA:63,1
DA:75,1
DA:81,1
DA:86,1
DA:92,1
DA:97,1
DA:109,1
DA:116,1
DA:123,1
DA:129,1
DA:135,1
DA:153,1
DA:159,1
DA:166,1
DA:174,1
DA:182,1
LF:22
LH:22
BRF:0
BRH:0
end_of_record
TN:
SF:routes\comentarios.routes.js
FNF:0
FNH:0
DA:8,1
DA:9,1
DA:24,1
DA:27,1
DA:28,1
DA:38,1
DA:44,1
DA:50,1
DA:60,1
DA:70,1
DA:76,1
DA:82,1
DA:88,1
DA:94,1
DA:100,1
DA:106,1
DA:108,1
LF:17
LH:17
BRF:0
BRH:0
end_of_record
TN:
SF:routes\facturas.routes.js
FNF:0
FNH:0
DA:10,1
DA:11,1
DA:14,1
DA:17,1
DA:18,1
DA:31,1
DA:37,1
DA:44,1
DA:50,1
DA:63,1
DA:69,1
DA:76,1
DA:78,1
LF:13
LH:13
BRF:0
BRH:0
end_of_record
